#
# A fatal error has been detected by the Java Runtime Environment:
#
#  SIGSEGV (0xb) at pc=0x00007fe86877e761, pid=8927, tid=8946
#
# JRE version: Java(TM) SE Runtime Environment (9.0+11) (build 9.0.1+11)
# Java VM: Java HotSpot(TM) 64-Bit Server VM (9.0.1+11, mixed mode, tiered, compressed oops, g1 gc, linux-amd64)
# Problematic frame:
# V  [libjvm.so+0x645761]  ConstantPool::impl_signature_ref_at(int, bool)+0x21
#
# Core dump will be written. Default location: Core dumps may be processed with "/usr/share/apport/apport %p %s %c %P" (or dumping to /home/chends888/Documents/z0/09-Maquina-Virtual-1/core.8927)
#
# If you would like to submit a bug report, please visit:
#   http://bugreport.java.com/bugreport/crash.jsp
#

---------------  S U M M A R Y ------------

Command Line: -agentlib:jdwp=transport=dt_socket,address=127.0.0.1:43671,suspend=y,server=n -Dfile.encoding=UTF-8 vmtranslator.VMTranslator ./exemplos/pushConstant.vm -o ./exemplos/pushConstant.nasm

Host: Intel(R) Core(TM) i7-4510U CPU @ 2.00GHz, 4 cores, 7G, Ubuntu 17.10
Time: Mon Oct 30 20:41:37 2017 -02 elapsed time: 215 seconds (0d 0h 3m 35s)

---------------  T H R E A D  ---------------

Current thread (0x00007fe860132000):  VMThread "VM Thread" [stack: 0x00007fe8642aa000,0x00007fe8643aa000] [id=8946]

Stack: [0x00007fe8642aa000,0x00007fe8643aa000],  sp=0x00007fe8643a7f00,  free space=1015k
Native frames: (J=compiled Java code, A=aot compiled Java code, j=interpreted, Vv=VM code, C=native code)
V  [libjvm.so+0x645761]  ConstantPool::impl_signature_ref_at(int, bool)+0x21
V  [libjvm.so+0x7a8e09]  GenerateOopMap::do_method(int, int, int, int)+0x39
V  [libjvm.so+0x7ad223]  GenerateOopMap::interp1(BytecodeStream*)+0xb73
V  [libjvm.so+0x7ae104]  GenerateOopMap::interp_bb(BasicBlock*)+0x144
V  [libjvm.so+0x7b002f]  GenerateOopMap::do_interpretation()+0x9f
V  [libjvm.so+0x7b040b]  GenerateOopMap::compute_map(Thread*)+0x26b
V  [libjvm.so+0xb5a267]  OopMapForCacheEntry::compute_map(Thread*)+0x67
V  [libjvm.so+0xb5aedc]  OopMapCacheEntry::fill(methodHandle, int)+0x12c
V  [libjvm.so+0xb5b722]  OopMapCache::compute_one_oop_map(methodHandle const&, int, InterpreterOopMap*)+0x102
V  [libjvm.so+0xb5ba36]  OopMapCache::lookup(methodHandle const&, int, InterpreterOopMap*) const+0x216
V  [libjvm.so+0xafb264]  Method::mask_for(int, InterpreterOopMap*)+0x74
V  [libjvm.so+0x9a57ed]  VM_GetOrSetLocal::doit()+0x4d
V  [libjvm.so+0xd5d019]  VM_Operation::evaluate()+0x59
V  [libjvm.so+0xd5ad63]  VMThread::evaluate_operation(VM_Operation*)+0xc3
V  [libjvm.so+0xd5b2d0]  VMThread::loop()+0x210
V  [libjvm.so+0xd5b7e2]  VMThread::run()+0x72
V  [libjvm.so+0xb6de12]  thread_native_entry(Thread*)+0xf2


siginfo: si_signo: 11 (SIGSEGV), si_code: 2 (SEGV_ACCERR), si_addr: 0x00007fe845a5c930

Register to memory mapping:

RAX=0x00007fe845a5c930 is an unknown value
RBX=0x00007fe8643a7f30 is an unknown value
RCX=0x000000000000ca11 is an unknown value
RDX=0x0000000000000000 is an unknown value
RSP=0x00007fe8643a7f00 is an unknown value
RBP=0x00007fe8643a7f00 is an unknown value
RSI=0x0000000000194220 is an unknown value
RDI=0x00007fe8458c7428 is pointing into metadata
R8 =0x0000000000000017 is an unknown value
R9 =0x0000000000000018 is an unknown value
R10=0x00007fe86945b880: <offset 0x0000000001322880> in /usr/lib/jvm/java-9-oracle/lib/server/libjvm.so at 0x00007fe868139000
R11=0x00007fe8600cea70 is an unknown value
R12=0x0000000000000017 is an unknown value
R13=0x00007fe86945b4c0: <offset 0x00000000013224c0> in /usr/lib/jvm/java-9-oracle/lib/server/libjvm.so at 0x00007fe868139000
R14=0x00007fe8643a88b0 is an unknown value
R15=0x0000000000000000 is an unknown value


Registers:
RAX=0x00007fe845a5c930, RBX=0x00007fe8643a7f30, RCX=0x000000000000ca11, RDX=0x0000000000000000
RSP=0x00007fe8643a7f00, RBP=0x00007fe8643a7f00, RSI=0x0000000000194220, RDI=0x00007fe8458c7428
R8 =0x0000000000000017, R9 =0x0000000000000018, R10=0x00007fe86945b880, R11=0x00007fe8600cea70
R12=0x0000000000000017, R13=0x00007fe86945b4c0, R14=0x00007fe8643a88b0, R15=0x0000000000000000
RIP=0x00007fe86877e761, EFLAGS=0x0000000000010202, CSGSFS=0x002b000000000033, ERR=0x0000000000000004
  TRAPNO=0x000000000000000e

Top of Stack: (sp=0x00007fe8643a7f00)
0x00007fe8643a7f00:   00007fe8643a85a0 00007fe8688e1e09
0x00007fe8643a7f10:   00007fe8643a7f20 0000000000000000
0x00007fe8643a7f20:   0000000000000000 00007fe868d87a04
0x00007fe8643a7f30:   00007fe86935ed10 00007fe8644253d8 

Instructions: (pc=0x00007fe86877e761)
0x00007fe86877e741:   84 d2 48 89 e5 75 28 48 8b 47 10 48 85 c0 74 1f
0x00007fe86877e751:   85 f6 78 3b 48 63 f6 48 c1 e6 05 48 8d 44 30 10
0x00007fe86877e761:   48 8b 30 0f b7 f6 eb 15 0f 1f 80 00 00 00 00 48
0x00007fe86877e771:   63 f6 48 89 f0 48 03 47 08 0f b6 40 04 0f b7 44 

VM_Operation (0x00007fe81c16da20): GetOrSetLocal, mode: safepoint, requested by thread 0x00007fe860213000


---------------  P R O C E S S  ---------------

Java Threads: ( => current thread )
  0x00007fe860218000 JavaThread "Service Thread" daemon [_thread_blocked, id=8978, stack(0x00007fe815af9000,0x00007fe815bfa000)]
  0x00007fe7e4001800 JavaThread "JDWP Command Reader" daemon [_thread_in_native, id=8973, stack(0x00007fe815bfa000,0x00007fe815cfb000)]
  0x00007fe860216000 JavaThread "JDWP Event Helper Thread" daemon [_thread_blocked, id=8972, stack(0x00007fe815cfb000,0x00007fe815dfc000)]
  0x00007fe860213000 JavaThread "JDWP Transport Listener: dt_socket" daemon [_thread_blocked, id=8971, stack(0x00007fe81c06e000,0x00007fe81c16f000)]
  0x00007fe860176800 JavaThread "Common-Cleaner" daemon [_thread_blocked, id=8968, stack(0x00007fe81c16f000,0x00007fe81c270000)]
  0x00007fe860167800 JavaThread "Sweeper thread" daemon [_thread_blocked, id=8963, stack(0x00007fe84446e000,0x00007fe84456f000)]
  0x00007fe860166000 JavaThread "C1 CompilerThread2" daemon [_thread_blocked, id=8962, stack(0x00007fe84456f000,0x00007fe844670000)]
  0x00007fe860164000 JavaThread "C2 CompilerThread1" daemon [_thread_blocked, id=8960, stack(0x00007fe844670000,0x00007fe844771000)]
  0x00007fe860160000 JavaThread "C2 CompilerThread0" daemon [_thread_blocked, id=8958, stack(0x00007fe844771000,0x00007fe844872000)]
  0x00007fe860162000 JavaThread "Signal Dispatcher" daemon [_thread_blocked, id=8956, stack(0x00007fe844872000,0x00007fe844973000)]
  0x00007fe860144000 JavaThread "Finalizer" daemon [_thread_blocked, id=8951, stack(0x00007fe8640a7000,0x00007fe8641a8000)]
  0x00007fe86013c000 JavaThread "Reference Handler" daemon [_thread_blocked, id=8948, stack(0x00007fe8641a8000,0x00007fe8642a9000)]
  0x00007fe860014000 JavaThread "main" [_thread_blocked, id=8928, stack(0x00007fe86a1f6000,0x00007fe86a2f6000)]

Other Threads:
=>0x00007fe860132000 VMThread "VM Thread" [stack: 0x00007fe8642aa000,0x00007fe8643aa000] [id=8946]
  0x00007fe86021b800 WatcherThread [stack: 0x00007fe8159f9000,0x00007fe815af9000] [id=8979]
  0x00007fe86002b800 GCTaskThread "GC Thread#0" [stack: 0x00007fe86661a000,0x00007fe86671a000] [id=8929]
  0x00007fe86002d000 GCTaskThread "GC Thread#1" [stack: 0x00007fe866519000,0x00007fe866619000] [id=8930]
  0x00007fe86002f000 GCTaskThread "GC Thread#2" [stack: 0x00007fe866418000,0x00007fe866518000] [id=8932]
  0x00007fe860030800 GCTaskThread "GC Thread#3" [stack: 0x00007fe866317000,0x00007fe866417000] [id=8933]
  0x00007fe86005f000 ConcurrentGCThread "G1 Main Marker" [stack: 0x00007fe8649a9000,0x00007fe864aa9000] [id=8940]
  0x00007fe860060800 ConcurrentGCThread "G1 Marker#0" [stack: 0x00007fe8648a8000,0x00007fe8649a8000] [id=8941]
  0x00007fe860038000 ConcurrentGCThread "G1 Refine#0" [stack: 0x00007fe865b0f000,0x00007fe865c0f000] [id=8938]
  0x00007fe860036000 ConcurrentGCThread "G1 Refine#1" [stack: 0x00007fe865c10000,0x00007fe865d10000] [id=8937]
  0x00007fe860034000 ConcurrentGCThread "G1 Refine#2" [stack: 0x00007fe865d11000,0x00007fe865e11000] [id=8936]
  0x00007fe860032800 ConcurrentGCThread "G1 Refine#3" [stack: 0x00007fe865e12000,0x00007fe865f12000] [id=8934]
  0x00007fe860039800 ConcurrentGCThread "G1 Young RemSet Sampling" [stack: 0x00007fe865a0e000,0x00007fe865b0e000] [id=8939]

Threads with active compile tasks:

VM state:at safepoint (normal execution)

VM Mutex/Monitor currently owned by a thread:  ([mutex/lock_event])
[0x00007fe860010090] Threads_lock - owner thread: 0x00007fe860132000

Heap address: 0x0000000084e00000, size: 1970 MB, Compressed Oops mode: 32-bit
Narrow klass base: 0x0000000000000000, Narrow klass shift: 3
Compressed class space size: 1073741824 Address: 0x0000000100000000

Heap:
 garbage-first heap   total 126976K, used 2048K [0x0000000084e00000, 0x0000000084f003e0, 0x0000000100000000)
  region size 1024K, 3 young (3072K), 0 survivors (0K)
 Metaspace       used 6205K, capacity 6366K, committed 6528K, reserved 1056768K
  class space    used 523K, capacity 551K, committed 640K, reserved 1048576K
Heap Regions: E=young(eden), S=young(survivor), O=old, HS=humongous(starts), HC=humongous(continues), CS=collection set, F=free, A=archive, TS=gc time stamp, AC=allocation context, TAMS=top-at-mark-start (previous, next)
|   0|0x0000000084e00000, 0x0000000084e00000, 0x0000000084f00000|  0%| F|  |TS  0|AC  0|TAMS 0x0000000084e00000, 0x0000000084e00000|
|   1|0x0000000084f00000, 0x0000000084f00000, 0x0000000085000000|  0%| F|  |TS  0|AC  0|TAMS 0x0000000084f00000, 0x0000000084f00000|
|   2|0x0000000085000000, 0x0000000085000000, 0x0000000085100000|  0%| F|  |TS  0|AC  0|TAMS 0x0000000085000000, 0x0000000085000000|
|   3|0x0000000085100000, 0x0000000085100000, 0x0000000085200000|  0%| F|  |TS  0|AC  0|TAMS 0x0000000085100000, 0x0000000085100000|
|   4|0x0000000085200000, 0x0000000085200000, 0x0000000085300000|  0%| F|  |TS  0|AC  0|TAMS 0x0000000085200000, 0x0000000085200000|
|   5|0x0000000085300000, 0x0000000085300000, 0x0000000085400000|  0%| F|  |TS  0|AC  0|TAMS 0x0000000085300000, 0x0000000085300000|
|   6|0x0000000085400000, 0x0000000085400000, 0x0000000085500000|  0%| F|  |TS  0|AC  0|TAMS 0x0000000085400000, 0x0000000085400000|
|   7|0x0000000085500000, 0x0000000085500000, 0x0000000085600000|  0%| F|  |TS  0|AC  0|TAMS 0x0000000085500000, 0x0000000085500000|
|   8|0x0000000085600000, 0x0000000085600000, 0x0000000085700000|  0%| F|  |TS  0|AC  0|TAMS 0x0000000085600000, 0x0000000085600000|
|   9|0x0000000085700000, 0x0000000085700000, 0x0000000085800000|  0%| F|  |TS  0|AC  0|TAMS 0x0000000085700000, 0x0000000085700000|
|  10|0x0000000085800000, 0x0000000085800000, 0x0000000085900000|  0%| F|  |TS  0|AC  0|TAMS 0x0000000085800000, 0x0000000085800000|
|  11|0x0000000085900000, 0x0000000085900000, 0x0000000085a00000|  0%| F|  |TS  0|AC  0|TAMS 0x0000000085900000, 0x0000000085900000|
|  12|0x0000000085a00000, 0x0000000085a00000, 0x0000000085b00000|  0%| F|  |TS  0|AC  0|TAMS 0x0000000085a00000, 0x0000000085a00000|
|  13|0x0000000085b00000, 0x0000000085b00000, 0x0000000085c00000|  0%| F|  |TS  0|AC  0|TAMS 0x0000000085b00000, 0x0000000085b00000|
|  14|0x0000000085c00000, 0x0000000085c00000, 0x0000000085d00000|  0%| F|  |TS  0|AC  0|TAMS 0x0000000085c00000, 0x0000000085c00000|
|  15|0x0000000085d00000, 0x0000000085d00000, 0x0000000085e00000|  0%| F|  |TS  0|AC  0|TAMS 0x0000000085d00000, 0x0000000085d00000|
|  16|0x0000000085e00000, 0x0000000085e00000, 0x0000000085f00000|  0%| F|  |TS  0|AC  0|TAMS 0x0000000085e00000, 0x0000000085e00000|
|  17|0x0000000085f00000, 0x0000000085f00000, 0x0000000086000000|  0%| F|  |TS  0|AC  0|TAMS 0x0000000085f00000, 0x0000000085f00000|
|  18|0x0000000086000000, 0x0000000086000000, 0x0000000086100000|  0%| F|  |TS  0|AC  0|TAMS 0x0000000086000000, 0x0000000086000000|
|  19|0x0000000086100000, 0x0000000086100000, 0x0000000086200000|  0%| F|  |TS  0|AC  0|TAMS 0x0000000086100000, 0x0000000086100000|
|  20|0x0000000086200000, 0x0000000086200000, 0x0000000086300000|  0%| F|  |TS  0|AC  0|TAMS 0x0000000086200000, 0x0000000086200000|
|  21|0x0000000086300000, 0x0000000086300000, 0x0000000086400000|  0%| F|  |TS  0|AC  0|TAMS 0x0000000086300000, 0x0000000086300000|
|  22|0x0000000086400000, 0x0000000086400000, 0x0000000086500000|  0%| F|  |TS  0|AC  0|TAMS 0x0000000086400000, 0x0000000086400000|
|  23|0x0000000086500000, 0x0000000086500000, 0x0000000086600000|  0%| F|  |TS  0|AC  0|TAMS 0x0000000086500000, 0x0000000086500000|
|  24|0x0000000086600000, 0x0000000086600000, 0x0000000086700000|  0%| F|  |TS  0|AC  0|TAMS 0x0000000086600000, 0x0000000086600000|
|  25|0x0000000086700000, 0x0000000086700000, 0x0000000086800000|  0%| F|  |TS  0|AC  0|TAMS 0x0000000086700000, 0x0000000086700000|
|  26|0x0000000086800000, 0x0000000086800000, 0x0000000086900000|  0%| F|  |TS  0|AC  0|TAMS 0x0000000086800000, 0x0000000086800000|
|  27|0x0000000086900000, 0x0000000086900000, 0x0000000086a00000|  0%| F|  |TS  0|AC  0|TAMS 0x0000000086900000, 0x0000000086900000|
|  28|0x0000000086a00000, 0x0000000086a00000, 0x0000000086b00000|  0%| F|  |TS  0|AC  0|TAMS 0x0000000086a00000, 0x0000000086a00000|
|  29|0x0000000086b00000, 0x0000000086b00000, 0x0000000086c00000|  0%| F|  |TS  0|AC  0|TAMS 0x0000000086b00000, 0x0000000086b00000|
|  30|0x0000000086c00000, 0x0000000086c00000, 0x0000000086d00000|  0%| F|  |TS  0|AC  0|TAMS 0x0000000086c00000, 0x0000000086c00000|
|  31|0x0000000086d00000, 0x0000000086d00000, 0x0000000086e00000|  0%| F|  |TS  0|AC  0|TAMS 0x0000000086d00000, 0x0000000086d00000|
|  32|0x0000000086e00000, 0x0000000086e00000, 0x0000000086f00000|  0%| F|  |TS  0|AC  0|TAMS 0x0000000086e00000, 0x0000000086e00000|
|  33|0x0000000086f00000, 0x0000000086f00000, 0x0000000087000000|  0%| F|  |TS  0|AC  0|TAMS 0x0000000086f00000, 0x0000000086f00000|
|  34|0x0000000087000000, 0x0000000087000000, 0x0000000087100000|  0%| F|  |TS  0|AC  0|TAMS 0x0000000087000000, 0x0000000087000000|
|  35|0x0000000087100000, 0x0000000087100000, 0x0000000087200000|  0%| F|  |TS  0|AC  0|TAMS 0x0000000087100000, 0x0000000087100000|
|  36|0x0000000087200000, 0x0000000087200000, 0x0000000087300000|  0%| F|  |TS  0|AC  0|TAMS 0x0000000087200000, 0x0000000087200000|
|  37|0x0000000087300000, 0x0000000087300000, 0x0000000087400000|  0%| F|  |TS  0|AC  0|TAMS 0x0000000087300000, 0x0000000087300000|
|  38|0x0000000087400000, 0x0000000087400000, 0x0000000087500000|  0%| F|  |TS  0|AC  0|TAMS 0x0000000087400000, 0x0000000087400000|
|  39|0x0000000087500000, 0x0000000087500000, 0x0000000087600000|  0%| F|  |TS  0|AC  0|TAMS 0x0000000087500000, 0x0000000087500000|
|  40|0x0000000087600000, 0x0000000087600000, 0x0000000087700000|  0%| F|  |TS  0|AC  0|TAMS 0x0000000087600000, 0x0000000087600000|
|  41|0x0000000087700000, 0x0000000087700000, 0x0000000087800000|  0%| F|  |TS  0|AC  0|TAMS 0x0000000087700000, 0x0000000087700000|
|  42|0x0000000087800000, 0x0000000087800000, 0x0000000087900000|  0%| F|  |TS  0|AC  0|TAMS 0x0000000087800000, 0x0000000087800000|
|  43|0x0000000087900000, 0x0000000087900000, 0x0000000087a00000|  0%| F|  |TS  0|AC  0|TAMS 0x0000000087900000, 0x0000000087900000|
|  44|0x0000000087a00000, 0x0000000087a00000, 0x0000000087b00000|  0%| F|  |TS  0|AC  0|TAMS 0x0000000087a00000, 0x0000000087a00000|
|  45|0x0000000087b00000, 0x0000000087b00000, 0x0000000087c00000|  0%| F|  |TS  0|AC  0|TAMS 0x0000000087b00000, 0x0000000087b00000|
|  46|0x0000000087c00000, 0x0000000087c00000, 0x0000000087d00000|  0%| F|  |TS  0|AC  0|TAMS 0x0000000087c00000, 0x0000000087c00000|
|  47|0x0000000087d00000, 0x0000000087d00000, 0x0000000087e00000|  0%| F|  |TS  0|AC  0|TAMS 0x0000000087d00000, 0x0000000087d00000|
|  48|0x0000000087e00000, 0x0000000087e00000, 0x0000000087f00000|  0%| F|  |TS  0|AC  0|TAMS 0x0000000087e00000, 0x0000000087e00000|
|  49|0x0000000087f00000, 0x0000000087f00000, 0x0000000088000000|  0%| F|  |TS  0|AC  0|TAMS 0x0000000087f00000, 0x0000000087f00000|
|  50|0x0000000088000000, 0x0000000088000000, 0x0000000088100000|  0%| F|  |TS  0|AC  0|TAMS 0x0000000088000000, 0x0000000088000000|
|  51|0x0000000088100000, 0x0000000088100000, 0x0000000088200000|  0%| F|  |TS  0|AC  0|TAMS 0x0000000088100000, 0x0000000088100000|
|  52|0x0000000088200000, 0x0000000088200000, 0x0000000088300000|  0%| F|  |TS  0|AC  0|TAMS 0x0000000088200000, 0x0000000088200000|
|  53|0x0000000088300000, 0x0000000088300000, 0x0000000088400000|  0%| F|  |TS  0|AC  0|TAMS 0x0000000088300000, 0x0000000088300000|
|  54|0x0000000088400000, 0x0000000088400000, 0x0000000088500000|  0%| F|  |TS  0|AC  0|TAMS 0x0000000088400000, 0x0000000088400000|
|  55|0x0000000088500000, 0x0000000088500000, 0x0000000088600000|  0%| F|  |TS  0|AC  0|TAMS 0x0000000088500000, 0x0000000088500000|
|  56|0x0000000088600000, 0x0000000088600000, 0x0000000088700000|  0%| F|  |TS  0|AC  0|TAMS 0x0000000088600000, 0x0000000088600000|
|  57|0x0000000088700000, 0x0000000088700000, 0x0000000088800000|  0%| F|  |TS  0|AC  0|TAMS 0x0000000088700000, 0x0000000088700000|
|  58|0x0000000088800000, 0x0000000088800000, 0x0000000088900000|  0%| F|  |TS  0|AC  0|TAMS 0x0000000088800000, 0x0000000088800000|
|  59|0x0000000088900000, 0x0000000088900000, 0x0000000088a00000|  0%| F|  |TS  0|AC  0|TAMS 0x0000000088900000, 0x0000000088900000|
|  60|0x0000000088a00000, 0x0000000088a00000, 0x0000000088b00000|  0%| F|  |TS  0|AC  0|TAMS 0x0000000088a00000, 0x0000000088a00000|
|  61|0x0000000088b00000, 0x0000000088b00000, 0x0000000088c00000|  0%| F|  |TS  0|AC  0|TAMS 0x0000000088b00000, 0x0000000088b00000|
|  62|0x0000000088c00000, 0x0000000088c00000, 0x0000000088d00000|  0%| F|  |TS  0|AC  0|TAMS 0x0000000088c00000, 0x0000000088c00000|
|  63|0x0000000088d00000, 0x0000000088d00000, 0x0000000088e00000|  0%| F|  |TS  0|AC  0|TAMS 0x0000000088d00000, 0x0000000088d00000|
|  64|0x0000000088e00000, 0x0000000088e00000, 0x0000000088f00000|  0%| F|  |TS  0|AC  0|TAMS 0x0000000088e00000, 0x0000000088e00000|
|  65|0x0000000088f00000, 0x0000000088f00000, 0x0000000089000000|  0%| F|  |TS  0|AC  0|TAMS 0x0000000088f00000, 0x0000000088f00000|
|  66|0x0000000089000000, 0x0000000089000000, 0x0000000089100000|  0%| F|  |TS  0|AC  0|TAMS 0x0000000089000000, 0x0000000089000000|
|  67|0x0000000089100000, 0x0000000089100000, 0x0000000089200000|  0%| F|  |TS  0|AC  0|TAMS 0x0000000089100000, 0x0000000089100000|
|  68|0x0000000089200000, 0x0000000089200000, 0x0000000089300000|  0%| F|  |TS  0|AC  0|TAMS 0x0000000089200000, 0x0000000089200000|
|  69|0x0000000089300000, 0x0000000089300000, 0x0000000089400000|  0%| F|  |TS  0|AC  0|TAMS 0x0000000089300000, 0x0000000089300000|
|  70|0x0000000089400000, 0x0000000089400000, 0x0000000089500000|  0%| F|  |TS  0|AC  0|TAMS 0x0000000089400000, 0x0000000089400000|
|  71|0x0000000089500000, 0x0000000089500000, 0x0000000089600000|  0%| F|  |TS  0|AC  0|TAMS 0x0000000089500000, 0x0000000089500000|
|  72|0x0000000089600000, 0x0000000089600000, 0x0000000089700000|  0%| F|  |TS  0|AC  0|TAMS 0x0000000089600000, 0x0000000089600000|
|  73|0x0000000089700000, 0x0000000089700000, 0x0000000089800000|  0%| F|  |TS  0|AC  0|TAMS 0x0000000089700000, 0x0000000089700000|
|  74|0x0000000089800000, 0x0000000089800000, 0x0000000089900000|  0%| F|  |TS  0|AC  0|TAMS 0x0000000089800000, 0x0000000089800000|
|  75|0x0000000089900000, 0x0000000089900000, 0x0000000089a00000|  0%| F|  |TS  0|AC  0|TAMS 0x0000000089900000, 0x0000000089900000|
|  76|0x0000000089a00000, 0x0000000089a00000, 0x0000000089b00000|  0%| F|  |TS  0|AC  0|TAMS 0x0000000089a00000, 0x0000000089a00000|
|  77|0x0000000089b00000, 0x0000000089b00000, 0x0000000089c00000|  0%| F|  |TS  0|AC  0|TAMS 0x0000000089b00000, 0x0000000089b00000|
|  78|0x0000000089c00000, 0x0000000089c00000, 0x0000000089d00000|  0%| F|  |TS  0|AC  0|TAMS 0x0000000089c00000, 0x0000000089c00000|
|  79|0x0000000089d00000, 0x0000000089d00000, 0x0000000089e00000|  0%| F|  |TS  0|AC  0|TAMS 0x0000000089d00000, 0x0000000089d00000|
|  80|0x0000000089e00000, 0x0000000089e00000, 0x0000000089f00000|  0%| F|  |TS  0|AC  0|TAMS 0x0000000089e00000, 0x0000000089e00000|
|  81|0x0000000089f00000, 0x0000000089f00000, 0x000000008a000000|  0%| F|  |TS  0|AC  0|TAMS 0x0000000089f00000, 0x0000000089f00000|
|  82|0x000000008a000000, 0x000000008a000000, 0x000000008a100000|  0%| F|  |TS  0|AC  0|TAMS 0x000000008a000000, 0x000000008a000000|
|  83|0x000000008a100000, 0x000000008a100000, 0x000000008a200000|  0%| F|  |TS  0|AC  0|TAMS 0x000000008a100000, 0x000000008a100000|
|  84|0x000000008a200000, 0x000000008a200000, 0x000000008a300000|  0%| F|  |TS  0|AC  0|TAMS 0x000000008a200000, 0x000000008a200000|
|  85|0x000000008a300000, 0x000000008a300000, 0x000000008a400000|  0%| F|  |TS  0|AC  0|TAMS 0x000000008a300000, 0x000000008a300000|
|  86|0x000000008a400000, 0x000000008a400000, 0x000000008a500000|  0%| F|  |TS  0|AC  0|TAMS 0x000000008a400000, 0x000000008a400000|
|  87|0x000000008a500000, 0x000000008a500000, 0x000000008a600000|  0%| F|  |TS  0|AC  0|TAMS 0x000000008a500000, 0x000000008a500000|
|  88|0x000000008a600000, 0x000000008a600000, 0x000000008a700000|  0%| F|  |TS  0|AC  0|TAMS 0x000000008a600000, 0x000000008a600000|
|  89|0x000000008a700000, 0x000000008a700000, 0x000000008a800000|  0%| F|  |TS  0|AC  0|TAMS 0x000000008a700000, 0x000000008a700000|
|  90|0x000000008a800000, 0x000000008a800000, 0x000000008a900000|  0%| F|  |TS  0|AC  0|TAMS 0x000000008a800000, 0x000000008a800000|
|  91|0x000000008a900000, 0x000000008a900000, 0x000000008aa00000|  0%| F|  |TS  0|AC  0|TAMS 0x000000008a900000, 0x000000008a900000|
|  92|0x000000008aa00000, 0x000000008aa00000, 0x000000008ab00000|  0%| F|  |TS  0|AC  0|TAMS 0x000000008aa00000, 0x000000008aa00000|
|  93|0x000000008ab00000, 0x000000008ab00000, 0x000000008ac00000|  0%| F|  |TS  0|AC  0|TAMS 0x000000008ab00000, 0x000000008ab00000|
|  94|0x000000008ac00000, 0x000000008ac00000, 0x000000008ad00000|  0%| F|  |TS  0|AC  0|TAMS 0x000000008ac00000, 0x000000008ac00000|
|  95|0x000000008ad00000, 0x000000008ad00000, 0x000000008ae00000|  0%| F|  |TS  0|AC  0|TAMS 0x000000008ad00000, 0x000000008ad00000|
|  96|0x000000008ae00000, 0x000000008ae00000, 0x000000008af00000|  0%| F|  |TS  0|AC  0|TAMS 0x000000008ae00000, 0x000000008ae00000|
|  97|0x000000008af00000, 0x000000008af00000, 0x000000008b000000|  0%| F|  |TS  0|AC  0|TAMS 0x000000008af00000, 0x000000008af00000|
|  98|0x000000008b000000, 0x000000008b000000, 0x000000008b100000|  0%| F|  |TS  0|AC  0|TAMS 0x000000008b000000, 0x000000008b000000|
|  99|0x000000008b100000, 0x000000008b100000, 0x000000008b200000|  0%| F|  |TS  0|AC  0|TAMS 0x000000008b100000, 0x000000008b100000|
| 100|0x000000008b200000, 0x000000008b200000, 0x000000008b300000|  0%| F|  |TS  0|AC  0|TAMS 0x000000008b200000, 0x000000008b200000|
| 101|0x000000008b300000, 0x000000008b300000, 0x000000008b400000|  0%| F|  |TS  0|AC  0|TAMS 0x000000008b300000, 0x000000008b300000|
| 102|0x000000008b400000, 0x000000008b400000, 0x000000008b500000|  0%| F|  |TS  0|AC  0|TAMS 0x000000008b400000, 0x000000008b400000|
| 103|0x000000008b500000, 0x000000008b500000, 0x000000008b600000|  0%| F|  |TS  0|AC  0|TAMS 0x000000008b500000, 0x000000008b500000|
| 104|0x000000008b600000, 0x000000008b600000, 0x000000008b700000|  0%| F|  |TS  0|AC  0|TAMS 0x000000008b600000, 0x000000008b600000|
| 105|0x000000008b700000, 0x000000008b700000, 0x000000008b800000|  0%| F|  |TS  0|AC  0|TAMS 0x000000008b700000, 0x000000008b700000|
| 106|0x000000008b800000, 0x000000008b800000, 0x000000008b900000|  0%| F|  |TS  0|AC  0|TAMS 0x000000008b800000, 0x000000008b800000|
| 107|0x000000008b900000, 0x000000008b900000, 0x000000008ba00000|  0%| F|  |TS  0|AC  0|TAMS 0x000000008b900000, 0x000000008b900000|
| 108|0x000000008ba00000, 0x000000008ba00000, 0x000000008bb00000|  0%| F|  |TS  0|AC  0|TAMS 0x000000008ba00000, 0x000000008ba00000|
| 109|0x000000008bb00000, 0x000000008bb00000, 0x000000008bc00000|  0%| F|  |TS  0|AC  0|TAMS 0x000000008bb00000, 0x000000008bb00000|
| 110|0x000000008bc00000, 0x000000008bc00000, 0x000000008bd00000|  0%| F|  |TS  0|AC  0|TAMS 0x000000008bc00000, 0x000000008bc00000|
| 111|0x000000008bd00000, 0x000000008bd00000, 0x000000008be00000|  0%| F|  |TS  0|AC  0|TAMS 0x000000008bd00000, 0x000000008bd00000|
| 112|0x000000008be00000, 0x000000008be00000, 0x000000008bf00000|  0%| F|  |TS  0|AC  0|TAMS 0x000000008be00000, 0x000000008be00000|
| 113|0x000000008bf00000, 0x000000008bf00000, 0x000000008c000000|  0%| F|  |TS  0|AC  0|TAMS 0x000000008bf00000, 0x000000008bf00000|
| 114|0x000000008c000000, 0x000000008c000000, 0x000000008c100000|  0%| F|  |TS  0|AC  0|TAMS 0x000000008c000000, 0x000000008c000000|
| 115|0x000000008c100000, 0x000000008c100000, 0x000000008c200000|  0%| F|  |TS  0|AC  0|TAMS 0x000000008c100000, 0x000000008c100000|
| 116|0x000000008c200000, 0x000000008c200000, 0x000000008c300000|  0%| F|  |TS  0|AC  0|TAMS 0x000000008c200000, 0x000000008c200000|
| 117|0x000000008c300000, 0x000000008c300000, 0x000000008c400000|  0%| F|  |TS  0|AC  0|TAMS 0x000000008c300000, 0x000000008c300000|
| 118|0x000000008c400000, 0x000000008c400000, 0x000000008c500000|  0%| F|  |TS  0|AC  0|TAMS 0x000000008c400000, 0x000000008c400000|
| 119|0x000000008c500000, 0x000000008c500000, 0x000000008c600000|  0%| F|  |TS  0|AC  0|TAMS 0x000000008c500000, 0x000000008c500000|
| 120|0x000000008c600000, 0x000000008c600000, 0x000000008c700000|  0%| F|  |TS  0|AC  0|TAMS 0x000000008c600000, 0x000000008c600000|
| 121|0x000000008c700000, 0x000000008c78fdf0, 0x000000008c800000| 56%| E|  |TS  0|AC  0|TAMS 0x000000008c700000, 0x000000008c700000|
| 122|0x000000008c800000, 0x000000008c900000, 0x000000008c900000|100%| E|CS|TS  0|AC  0|TAMS 0x000000008c800000, 0x000000008c800000|
| 123|0x000000008c900000, 0x000000008ca00000, 0x000000008ca00000|100%| E|CS|TS  0|AC  0|TAMS 0x000000008c900000, 0x000000008c900000|

Card table byte_map: [0x00007fe864e82000,0x00007fe86525b000] byte_map_base: 0x00007fe864a5b000

Marking Bits (Prev, Next): (CMBitMap*) 0x00007fe86005e120, (CMBitMap*) 0x00007fe86005e158
 Prev Bits: [0x00007fe81e138000, 0x00007fe820000000)
 Next Bits: [0x00007fe81c270000, 0x00007fe81e138000)

Polling page: 0x00007fe86a310000

CodeHeap 'non-profiled nmethods': size=120032Kb used=76Kb max_used=76Kb free=119955Kb
 bounds [0x00007fe84d605000, 0x00007fe84d875000, 0x00007fe854b3d000]
CodeHeap 'profiled nmethods': size=120032Kb used=347Kb max_used=347Kb free=119684Kb
 bounds [0x00007fe8460cd000, 0x00007fe84633d000, 0x00007fe84d605000]
CodeHeap 'non-nmethods': size=5696Kb used=1164Kb max_used=1175Kb free=4531Kb
 bounds [0x00007fe845b3d000, 0x00007fe845dad000, 0x00007fe8460cd000]
 total_blobs=632 nmethods=265 adapters=221
 compilation: enabled

Compilation events (10 events):
Event: 0,550 Thread 0x00007fe860166000  261       1       java.lang.Class::getModule (5 bytes)
Event: 0,550 Thread 0x00007fe860166000 nmethod 261 0x00007fe84d617910 code [0x00007fe84d617ac0, 0x00007fe84d617bd0]
Event: 0,556 Thread 0x00007fe860166000  262       3       java.lang.String::charAt (25 bytes)
Event: 0,557 Thread 0x00007fe860166000 nmethod 262 0x00007fe846122090 code [0x00007fe8461222a0, 0x00007fe846122818]
Event: 0,557 Thread 0x00007fe860160000  263       4       java.lang.StringLatin1::charAt (28 bytes)
Event: 0,558 Thread 0x00007fe860160000 nmethod 263 0x00007fe84d617c90 code [0x00007fe84d617e20, 0x00007fe84d617ef8]
Event: 0,559 Thread 0x00007fe860166000  264       1       java.lang.ThreadLocal::access$400 (5 bytes)
Event: 0,559 Thread 0x00007fe860166000 nmethod 264 0x00007fe84d618010 code [0x00007fe84d6181c0, 0x00007fe84d6182b0]
Event: 0,565 Thread 0x00007fe860166000  265       3       java.lang.invoke.MethodType$ConcurrentWeakInternSet::get (54 bytes)
Event: 0,566 Thread 0x00007fe860166000 nmethod 265 0x00007fe846122a90 code [0x00007fe846122d20, 0x00007fe846123a58]

GC Heap History (0 events):
No events

Deoptimization events (1 events):
Event: 0,553 Thread 0x00007fe860014000 Uncommon trap: reason=unstable_if action=reinterpret pc=0x00007fe84d613a9c method=java.lang.String.charAt(I)C @ 4 c2

Classes redefined (2 events):
Event: 144,086 Thread 0x00007fe860132000 redefined class name=vmtranslator.Code, count=1
Event: 215,346 Thread 0x00007fe860132000 redefined class name=vmtranslator.Code, count=2

Internal exceptions (1 events):
Event: 0,485 Thread 0x00007fe860014000 Exception <a 'java/lang/NoSuchMethodError'{0x000000008c71db88}: java.lang.Object.lambda$union$2(Ljava/util/regex/Pattern$CharPredicate;I)Z> (0x000000008c71db88) thrown at [/scratch/opt/mach5/mesos/work_dir/slaves/e72b529e-af37-4c00-b29e-141f3b57348c-S1075

Events (10 events):
Event: 215,348 Executing VM operation: GetOrSetLocal done
Event: 215,384 Executing VM operation: ChangeBreakpoints
Event: 215,384 Executing VM operation: ChangeBreakpoints done
Event: 215,385 Executing VM operation: ChangeBreakpoints
Event: 215,386 Executing VM operation: ChangeBreakpoints done
Event: 215,405 Executing VM operation: GetFrameCount
Event: 215,405 Executing VM operation: GetFrameCount done
Event: 215,405 Executing VM operation: GetFrameLocation
Event: 215,405 Executing VM operation: GetFrameLocation done
Event: 215,453 Executing VM operation: GetOrSetLocal


Dynamic libraries:
00400000-00401000 r-xp 00000000 08:06 9047299                            /usr/lib/jvm/java-9-oracle/bin/java
00600000-00601000 rw-p 00000000 08:06 9047299                            /usr/lib/jvm/java-9-oracle/bin/java
018f6000-01917000 rw-p 00000000 00:00 0                                  [heap]
84e00000-8ca00000 rw-p 00000000 00:00 0 
8ca00000-100000000 ---p 00000000 00:00 0 
100000000-1000a0000 rw-p 00000000 00:00 0 
1000a0000-140000000 ---p 00000000 00:00 0 
7fe7d4000000-7fe7d4021000 rw-p 00000000 00:00 0 
7fe7d4021000-7fe7d8000000 ---p 00000000 00:00 0 
7fe7dc000000-7fe7dc021000 rw-p 00000000 00:00 0 
7fe7dc021000-7fe7e0000000 ---p 00000000 00:00 0 
7fe7e0000000-7fe7e0021000 rw-p 00000000 00:00 0 
7fe7e0021000-7fe7e4000000 ---p 00000000 00:00 0 
7fe7e4000000-7fe7e4025000 rw-p 00000000 00:00 0 
7fe7e4025000-7fe7e8000000 ---p 00000000 00:00 0 
7fe7e8000000-7fe7e8021000 rw-p 00000000 00:00 0 
7fe7e8021000-7fe7ec000000 ---p 00000000 00:00 0 
7fe7ec000000-7fe7ec021000 rw-p 00000000 00:00 0 
7fe7ec021000-7fe7f0000000 ---p 00000000 00:00 0 
7fe7f0000000-7fe7f0021000 rw-p 00000000 00:00 0 
7fe7f0021000-7fe7f4000000 ---p 00000000 00:00 0 
7fe7f4000000-7fe7f4021000 rw-p 00000000 00:00 0 
7fe7f4021000-7fe7f8000000 ---p 00000000 00:00 0 
7fe7f8000000-7fe7f809c000 rw-p 00000000 00:00 0 
7fe7f809c000-7fe7fc000000 ---p 00000000 00:00 0 
7fe7fc000000-7fe7fc021000 rw-p 00000000 00:00 0 
7fe7fc021000-7fe800000000 ---p 00000000 00:00 0 
7fe800000000-7fe8000a7000 rw-p 00000000 00:00 0 
7fe8000a7000-7fe804000000 ---p 00000000 00:00 0 
7fe804000000-7fe804021000 rw-p 00000000 00:00 0 
7fe804021000-7fe808000000 ---p 00000000 00:00 0 
7fe808000000-7fe808021000 rw-p 00000000 00:00 0 
7fe808021000-7fe80c000000 ---p 00000000 00:00 0 
7fe80c000000-7fe80c021000 rw-p 00000000 00:00 0 
7fe80c021000-7fe810000000 ---p 00000000 00:00 0 
7fe810000000-7fe810021000 rw-p 00000000 00:00 0 
7fe810021000-7fe814000000 ---p 00000000 00:00 0 
7fe8156ca000-7fe8159f8000 rw-p 00000000 00:00 0 
7fe8159f8000-7fe8159f9000 ---p 00000000 00:00 0 
7fe8159f9000-7fe815af9000 rw-p 00000000 00:00 0 
7fe815af9000-7fe815afd000 ---p 00000000 00:00 0 
7fe815afd000-7fe815bfa000 rw-p 00000000 00:00 0 
7fe815bfa000-7fe815bfe000 ---p 00000000 00:00 0 
7fe815bfe000-7fe815cfb000 rw-p 00000000 00:00 0 
7fe815cfb000-7fe815cff000 ---p 00000000 00:00 0 
7fe815cff000-7fe815dfc000 rw-p 00000000 00:00 0 
7fe815dfc000-7fe815e00000 r-xp 00000000 08:06 9047566                    /usr/lib/jvm/java-9-oracle/lib/libdt_socket.so
7fe815e00000-7fe815fff000 ---p 00004000 08:06 9047566                    /usr/lib/jvm/java-9-oracle/lib/libdt_socket.so
7fe815fff000-7fe816000000 rw-p 00003000 08:06 9047566                    /usr/lib/jvm/java-9-oracle/lib/libdt_socket.so
7fe816000000-7fe818000000 rwxp 00000000 00:00 0 
7fe818000000-7fe818021000 rw-p 00000000 00:00 0 
7fe818021000-7fe81c000000 ---p 00000000 00:00 0 
7fe81c06e000-7fe81c072000 ---p 00000000 00:00 0 
7fe81c072000-7fe81c16f000 rw-p 00000000 00:00 0 
7fe81c16f000-7fe81c173000 ---p 00000000 00:00 0 
7fe81c173000-7fe81c460000 rw-p 00000000 00:00 0 
7fe81c460000-7fe81e138000 ---p 00000000 00:00 0 
7fe81e138000-7fe81e328000 rw-p 00000000 00:00 0 
7fe81e328000-7fe820000000 ---p 00000000 00:00 0 
7fe820000000-7fe820021000 rw-p 00000000 00:00 0 
7fe820021000-7fe824000000 ---p 00000000 00:00 0 
7fe824000000-7fe824021000 rw-p 00000000 00:00 0 
7fe824021000-7fe828000000 ---p 00000000 00:00 0 
7fe828000000-7fe828021000 rw-p 00000000 00:00 0 
7fe828021000-7fe82c000000 ---p 00000000 00:00 0 
7fe82c000000-7fe82c021000 rw-p 00000000 00:00 0 
7fe82c021000-7fe830000000 ---p 00000000 00:00 0 
7fe830000000-7fe830021000 rw-p 00000000 00:00 0 
7fe830021000-7fe834000000 ---p 00000000 00:00 0 
7fe834000000-7fe834021000 rw-p 00000000 00:00 0 
7fe834021000-7fe838000000 ---p 00000000 00:00 0 
7fe838000000-7fe838021000 rw-p 00000000 00:00 0 
7fe838021000-7fe83c000000 ---p 00000000 00:00 0 
7fe83c000000-7fe83c021000 rw-p 00000000 00:00 0 
7fe83c021000-7fe840000000 ---p 00000000 00:00 0 
7fe840000000-7fe840021000 rw-p 00000000 00:00 0 
7fe840021000-7fe844000000 ---p 00000000 00:00 0 
7fe844046000-7fe84405c000 r-xp 00000000 08:06 9047574                    /usr/lib/jvm/java-9-oracle/lib/libnet.so
7fe84405c000-7fe84425c000 ---p 00016000 08:06 9047574                    /usr/lib/jvm/java-9-oracle/lib/libnet.so
7fe84425c000-7fe84425d000 rw-p 00016000 08:06 9047574                    /usr/lib/jvm/java-9-oracle/lib/libnet.so
7fe84425d000-7fe84426d000 r-xp 00000000 08:06 9047571                    /usr/lib/jvm/java-9-oracle/lib/libnio.so
7fe84426d000-7fe84446d000 ---p 00010000 08:06 9047571                    /usr/lib/jvm/java-9-oracle/lib/libnio.so
7fe84446d000-7fe84446e000 rw-p 00010000 08:06 9047571                    /usr/lib/jvm/java-9-oracle/lib/libnio.so
7fe84446e000-7fe844472000 ---p 00000000 00:00 0 
7fe844472000-7fe84456f000 rw-p 00000000 00:00 0 
7fe84456f000-7fe844573000 ---p 00000000 00:00 0 
7fe844573000-7fe844670000 rw-p 00000000 00:00 0 
7fe844670000-7fe844674000 ---p 00000000 00:00 0 
7fe844674000-7fe844771000 rw-p 00000000 00:00 0 
7fe844771000-7fe844775000 ---p 00000000 00:00 0 
7fe844775000-7fe844872000 rw-p 00000000 00:00 0 
7fe844872000-7fe844876000 ---p 00000000 00:00 0 
7fe844876000-7fe844973000 rw-p 00000000 00:00 0 
7fe844973000-7fe84533d000 r--p 00000000 08:06 8133297                    /usr/lib/locale/locale-archive
7fe84533d000-7fe8458fd000 rw-p 00000000 00:00 0 
7fe8458fd000-7fe845b3d000 ---p 00000000 00:00 0 
7fe845b3d000-7fe845dad000 rwxp 00000000 00:00 0 
7fe845dad000-7fe8460cd000 ---p 00000000 00:00 0 
7fe8460cd000-7fe84633d000 rwxp 00000000 00:00 0 
7fe84633d000-7fe84d605000 ---p 00000000 00:00 0 
7fe84d605000-7fe84d875000 rwxp 00000000 00:00 0 
7fe84d875000-7fe854b3d000 ---p 00000000 00:00 0 
7fe854b3d000-7fe860000000 r--s 00000000 08:06 9047512                    /usr/lib/jvm/java-9-oracle/lib/modules
7fe860000000-7fe86027c000 rw-p 00000000 00:00 0 
7fe86027c000-7fe864000000 ---p 00000000 00:00 0 
7fe864076000-7fe8640a7000 rw-p 00000000 00:00 0 
7fe8640a7000-7fe8640ab000 ---p 00000000 00:00 0 
7fe8640ab000-7fe8641a8000 rw-p 00000000 00:00 0 
7fe8641a8000-7fe8641ac000 ---p 00000000 00:00 0 
7fe8641ac000-7fe8642a9000 rw-p 00000000 00:00 0 
7fe8642a9000-7fe8642aa000 ---p 00000000 00:00 0 
7fe8642aa000-7fe8648a7000 rw-p 00000000 00:00 0 
7fe8648a7000-7fe8648a8000 ---p 00000000 00:00 0 
7fe8648a8000-7fe8649a8000 rw-p 00000000 00:00 0 
7fe8649a8000-7fe8649a9000 ---p 00000000 00:00 0 
7fe8649a9000-7fe864ae7000 rw-p 00000000 00:00 0 
7fe864ae7000-7fe864e82000 ---p 00000000 00:00 0 
7fe864e82000-7fe864ec0000 rw-p 00000000 00:00 0 
7fe864ec0000-7fe865634000 ---p 00000000 00:00 0 
7fe865634000-7fe865672000 rw-p 00000000 00:00 0 
7fe865672000-7fe865a0d000 ---p 00000000 00:00 0 
7fe865a0d000-7fe865a0e000 ---p 00000000 00:00 0 
7fe865a0e000-7fe865b0e000 rw-p 00000000 00:00 0 
7fe865b0e000-7fe865b0f000 ---p 00000000 00:00 0 
7fe865b0f000-7fe865c0f000 rw-p 00000000 00:00 0 
7fe865c0f000-7fe865c10000 ---p 00000000 00:00 0 
7fe865c10000-7fe865d10000 rw-p 00000000 00:00 0 
7fe865d10000-7fe865d11000 ---p 00000000 00:00 0 
7fe865d11000-7fe865e11000 rw-p 00000000 00:00 0 
7fe865e11000-7fe865e12000 ---p 00000000 00:00 0 
7fe865e12000-7fe866316000 rw-p 00000000 00:00 0 
7fe866316000-7fe866317000 ---p 00000000 00:00 0 
7fe866317000-7fe866417000 rw-p 00000000 00:00 0 
7fe866417000-7fe866418000 ---p 00000000 00:00 0 
7fe866418000-7fe866518000 rw-p 00000000 00:00 0 
7fe866518000-7fe866519000 ---p 00000000 00:00 0 
7fe866519000-7fe866619000 rw-p 00000000 00:00 0 
7fe866619000-7fe86661a000 ---p 00000000 00:00 0 
7fe86661a000-7fe86671f000 rw-p 00000000 00:00 0 
7fe86671f000-7fe866805000 ---p 00000000 00:00 0 
7fe866805000-7fe86680a000 rw-p 00000000 00:00 0 
7fe86680a000-7fe8668f0000 ---p 00000000 00:00 0 
7fe8668f0000-7fe86690a000 r-xp 00000000 08:06 9047576                    /usr/lib/jvm/java-9-oracle/lib/libjimage.so
7fe86690a000-7fe866b09000 ---p 0001a000 08:06 9047576                    /usr/lib/jvm/java-9-oracle/lib/libjimage.so
7fe866b09000-7fe866b0b000 rw-p 00019000 08:06 9047576                    /usr/lib/jvm/java-9-oracle/lib/libjimage.so
7fe866b0b000-7fe866b1d000 rw-p 00000000 00:00 0 
7fe866b1d000-7fe866b24000 r-xp 00000000 08:06 9047617                    /usr/lib/jvm/java-9-oracle/lib/libzip.so
7fe866b24000-7fe866d23000 ---p 00007000 08:06 9047617                    /usr/lib/jvm/java-9-oracle/lib/libzip.so
7fe866d23000-7fe866d24000 rw-p 00006000 08:06 9047617                    /usr/lib/jvm/java-9-oracle/lib/libzip.so
7fe866d24000-7fe866d2f000 r-xp 00000000 08:06 8655371                    /lib/x86_64-linux-gnu/libnss_files-2.26.so
7fe866d2f000-7fe866f2e000 ---p 0000b000 08:06 8655371                    /lib/x86_64-linux-gnu/libnss_files-2.26.so
7fe866f2e000-7fe866f2f000 r--p 0000a000 08:06 8655371                    /lib/x86_64-linux-gnu/libnss_files-2.26.so
7fe866f2f000-7fe866f30000 rw-p 0000b000 08:06 8655371                    /lib/x86_64-linux-gnu/libnss_files-2.26.so
7fe866f30000-7fe866f36000 rw-p 00000000 00:00 0 
7fe866f36000-7fe866f41000 r-xp 00000000 08:06 8655382                    /lib/x86_64-linux-gnu/libnss_nis-2.26.so
7fe866f41000-7fe867140000 ---p 0000b000 08:06 8655382                    /lib/x86_64-linux-gnu/libnss_nis-2.26.so
7fe867140000-7fe867141000 r--p 0000a000 08:06 8655382                    /lib/x86_64-linux-gnu/libnss_nis-2.26.so
7fe867141000-7fe867142000 rw-p 0000b000 08:06 8655382                    /lib/x86_64-linux-gnu/libnss_nis-2.26.so
7fe867142000-7fe867159000 r-xp 00000000 08:06 8655365                    /lib/x86_64-linux-gnu/libnsl-2.26.so
7fe867159000-7fe867358000 ---p 00017000 08:06 8655365                    /lib/x86_64-linux-gnu/libnsl-2.26.so
7fe867358000-7fe867359000 r--p 00016000 08:06 8655365                    /lib/x86_64-linux-gnu/libnsl-2.26.so
7fe867359000-7fe86735a000 rw-p 00017000 08:06 8655365                    /lib/x86_64-linux-gnu/libnsl-2.26.so
7fe86735a000-7fe86735c000 rw-p 00000000 00:00 0 
7fe86735c000-7fe867364000 r-xp 00000000 08:06 8655367                    /lib/x86_64-linux-gnu/libnss_compat-2.26.so
7fe867364000-7fe867563000 ---p 00008000 08:06 8655367                    /lib/x86_64-linux-gnu/libnss_compat-2.26.so
7fe867563000-7fe867564000 r--p 00007000 08:06 8655367                    /lib/x86_64-linux-gnu/libnss_compat-2.26.so
7fe867564000-7fe867565000 rw-p 00008000 08:06 8655367                    /lib/x86_64-linux-gnu/libnss_compat-2.26.so
7fe867565000-7fe8675a0000 r-xp 00000000 08:06 9047593                    /usr/lib/jvm/java-9-oracle/lib/libjdwp.so
7fe8675a0000-7fe86779f000 ---p 0003b000 08:06 9047593                    /usr/lib/jvm/java-9-oracle/lib/libjdwp.so
7fe86779f000-7fe8677a0000 rw-p 0003a000 08:06 9047593                    /usr/lib/jvm/java-9-oracle/lib/libjdwp.so
7fe8677a0000-7fe8677a1000 rw-p 00000000 00:00 0 
7fe8677a1000-7fe8677cc000 r-xp 00000000 08:06 9047523                    /usr/lib/jvm/java-9-oracle/lib/libjava.so
7fe8677cc000-7fe8679cb000 ---p 0002b000 08:06 9047523                    /usr/lib/jvm/java-9-oracle/lib/libjava.so
7fe8679cb000-7fe8679cd000 rw-p 0002a000 08:06 9047523                    /usr/lib/jvm/java-9-oracle/lib/libjava.so
7fe8679cd000-7fe8679da000 r-xp 00000000 08:06 9047520                    /usr/lib/jvm/java-9-oracle/lib/libverify.so
7fe8679da000-7fe867bd9000 ---p 0000d000 08:06 9047520                    /usr/lib/jvm/java-9-oracle/lib/libverify.so
7fe867bd9000-7fe867bdb000 rw-p 0000c000 08:06 9047520                    /usr/lib/jvm/java-9-oracle/lib/libverify.so
7fe867bdb000-7fe867be2000 r-xp 00000000 08:06 8655425                    /lib/x86_64-linux-gnu/librt-2.26.so
7fe867be2000-7fe867de1000 ---p 00007000 08:06 8655425                    /lib/x86_64-linux-gnu/librt-2.26.so
7fe867de1000-7fe867de2000 r--p 00006000 08:06 8655425                    /lib/x86_64-linux-gnu/librt-2.26.so
7fe867de2000-7fe867de3000 rw-p 00007000 08:06 8655425                    /lib/x86_64-linux-gnu/librt-2.26.so
7fe867de3000-7fe867f38000 r-xp 00000000 08:06 8655344                    /lib/x86_64-linux-gnu/libm-2.26.so
7fe867f38000-7fe868137000 ---p 00155000 08:06 8655344                    /lib/x86_64-linux-gnu/libm-2.26.so
7fe868137000-7fe868138000 r--p 00154000 08:06 8655344                    /lib/x86_64-linux-gnu/libm-2.26.so
7fe868138000-7fe868139000 rw-p 00155000 08:06 8655344                    /lib/x86_64-linux-gnu/libm-2.26.so
7fe868139000-7fe86914d000 r-xp 00000000 08:06 9440432                    /usr/lib/jvm/java-9-oracle/lib/server/libjvm.so
7fe86914d000-7fe86934d000 ---p 01014000 08:06 9440432                    /usr/lib/jvm/java-9-oracle/lib/server/libjvm.so
7fe86934d000-7fe86941e000 r--p 01014000 08:06 9440432                    /usr/lib/jvm/java-9-oracle/lib/server/libjvm.so
7fe86941e000-7fe869455000 rw-p 010e5000 08:06 9440432                    /usr/lib/jvm/java-9-oracle/lib/server/libjvm.so
7fe869455000-7fe8694be000 rw-p 00000000 00:00 0 
7fe8694be000-7fe869694000 r-xp 00000000 08:06 8655278                    /lib/x86_64-linux-gnu/libc-2.26.so
7fe869694000-7fe869894000 ---p 001d6000 08:06 8655278                    /lib/x86_64-linux-gnu/libc-2.26.so
7fe869894000-7fe869898000 r--p 001d6000 08:06 8655278                    /lib/x86_64-linux-gnu/libc-2.26.so
7fe869898000-7fe86989a000 rw-p 001da000 08:06 8655278                    /lib/x86_64-linux-gnu/libc-2.26.so
7fe86989a000-7fe86989e000 rw-p 00000000 00:00 0 
7fe86989e000-7fe8698a1000 r-xp 00000000 08:06 8655302                    /lib/x86_64-linux-gnu/libdl-2.26.so
7fe8698a1000-7fe869aa0000 ---p 00003000 08:06 8655302                    /lib/x86_64-linux-gnu/libdl-2.26.so
7fe869aa0000-7fe869aa1000 r--p 00002000 08:06 8655302                    /lib/x86_64-linux-gnu/libdl-2.26.so
7fe869aa1000-7fe869aa2000 rw-p 00003000 08:06 8655302                    /lib/x86_64-linux-gnu/libdl-2.26.so
7fe869aa2000-7fe869ab0000 r-xp 00000000 08:06 9177543                    /usr/lib/jvm/java-9-oracle/lib/jli/libjli.so
7fe869ab0000-7fe869cb0000 ---p 0000e000 08:06 9177543                    /usr/lib/jvm/java-9-oracle/lib/jli/libjli.so
7fe869cb0000-7fe869cb1000 rw-p 0000e000 08:06 9177543                    /usr/lib/jvm/java-9-oracle/lib/jli/libjli.so
7fe869cb1000-7fe869ccb000 r-xp 00000000 08:06 8655417                    /lib/x86_64-linux-gnu/libpthread-2.26.so
7fe869ccb000-7fe869eca000 ---p 0001a000 08:06 8655417                    /lib/x86_64-linux-gnu/libpthread-2.26.so
7fe869eca000-7fe869ecb000 r--p 00019000 08:06 8655417                    /lib/x86_64-linux-gnu/libpthread-2.26.so
7fe869ecb000-7fe869ecc000 rw-p 0001a000 08:06 8655417                    /lib/x86_64-linux-gnu/libpthread-2.26.so
7fe869ecc000-7fe869ed0000 rw-p 00000000 00:00 0 
7fe869ed0000-7fe869eec000 r-xp 00000000 08:06 8655457                    /lib/x86_64-linux-gnu/libz.so.1.2.11
7fe869eec000-7fe86a0eb000 ---p 0001c000 08:06 8655457                    /lib/x86_64-linux-gnu/libz.so.1.2.11
7fe86a0eb000-7fe86a0ec000 r--p 0001b000 08:06 8655457                    /lib/x86_64-linux-gnu/libz.so.1.2.11
7fe86a0ec000-7fe86a0ed000 rw-p 0001c000 08:06 8655457                    /lib/x86_64-linux-gnu/libz.so.1.2.11
7fe86a0ed000-7fe86a114000 r-xp 00000000 08:06 8655250                    /lib/x86_64-linux-gnu/ld-2.26.so
7fe86a12f000-7fe86a136000 r--s 00000000 08:06 8391749                    /usr/lib/x86_64-linux-gnu/gconv/gconv-modules.cache
7fe86a136000-7fe86a1f5000 rw-p 00000000 00:00 0 
7fe86a1f5000-7fe86a1f6000 ---p 00000000 00:00 0 
7fe86a1f6000-7fe86a1fa000 ---p 00000000 00:00 0 
7fe86a1fa000-7fe86a300000 rw-p 00000000 00:00 0 
7fe86a300000-7fe86a307000 ---p 00000000 00:00 0 
7fe86a307000-7fe86a30f000 rw-s 00000000 08:06 14680237                   /tmp/hsperfdata_chends888/8927
7fe86a30f000-7fe86a310000 rw-p 00000000 00:00 0 
7fe86a310000-7fe86a311000 ---p 00000000 00:00 0 
7fe86a311000-7fe86a314000 rw-p 00000000 00:00 0 
7fe86a314000-7fe86a315000 r--p 00027000 08:06 8655250                    /lib/x86_64-linux-gnu/ld-2.26.so
7fe86a315000-7fe86a316000 rw-p 00028000 08:06 8655250                    /lib/x86_64-linux-gnu/ld-2.26.so
7fe86a316000-7fe86a317000 rw-p 00000000 00:00 0 
7ffe43855000-7ffe43876000 rw-p 00000000 00:00 0                          [stack]
7ffe438df000-7ffe438e2000 r--p 00000000 00:00 0                          [vvar]
7ffe438e2000-7ffe438e4000 r-xp 00000000 00:00 0                          [vdso]
ffffffffff600000-ffffffffff601000 r-xp 00000000 00:00 0                  [vsyscall]

VM Arguments:
jvm_args: -agentlib:jdwp=transport=dt_socket,address=127.0.0.1:43671,suspend=y,server=n -Dfile.encoding=UTF-8 
java_command: vmtranslator.VMTranslator ./exemplos/pushConstant.vm -o ./exemplos/pushConstant.nasm
java_class_path (initial): /home/chends888/Documents/z0/09-Maquina-Virtual-1/target/classes:/home/chends888/intelij/ideaIC-2017.2.5/idea-IC-172.4343.14/lib/idea_rt.jar
Launcher Type: SUN_STANDARD

Logging:
Log output configuration:
#0: stdout all=warning uptime,level,tags
#1: stderr all=off uptime,level,tags

Environment Variables:
JAVA_HOME=/usr/lib/jvm/java-9-oracle
PATH=/usr/local/sbin:/usr/local/bin:/usr/sbin:/usr/bin:/sbin:/bin:/usr/games:/usr/local/games:/snap/bin:/usr/lib/jvm/java-9-oracle/bin:/usr/lib/jvm/java-9-oracle/db/bin
USERNAME=chends888
LD_LIBRARY_PATH=/home/chends888/intelij/ideaIC-2017.2.5/idea-IC-172.4343.14/bin:
SHELL=/bin/bash
DISPLAY=:0

Signal Handlers:
SIGSEGV: [libjvm.so+0xd4ce90], sa_mask[0]=11111111011111111101111111111110, sa_flags=SA_RESTART|SA_SIGINFO
SIGBUS: [libjvm.so+0xd4ce90], sa_mask[0]=11111111011111111101111111111110, sa_flags=SA_RESTART|SA_SIGINFO
SIGFPE: [libjvm.so+0xd4ce90], sa_mask[0]=11111111011111111101111111111110, sa_flags=SA_RESTART|SA_SIGINFO
SIGPIPE: [libjvm.so+0xb64460], sa_mask[0]=11111111011111111101111111111110, sa_flags=SA_RESTART|SA_SIGINFO
SIGXFSZ: [libjvm.so+0xb64460], sa_mask[0]=11111111011111111101111111111110, sa_flags=SA_RESTART|SA_SIGINFO
SIGILL: [libjvm.so+0xd4ce90], sa_mask[0]=11111111011111111101111111111110, sa_flags=SA_RESTART|SA_SIGINFO
SIGUSR2: [libjvm.so+0xb64320], sa_mask[0]=00100000000000000000000000000000, sa_flags=SA_RESTART|SA_SIGINFO
SIGHUP: [libjvm.so+0xb64530], sa_mask[0]=11111111011111111101111111111110, sa_flags=SA_RESTART|SA_SIGINFO
SIGINT: [libjvm.so+0xb64530], sa_mask[0]=11111111011111111101111111111110, sa_flags=SA_RESTART|SA_SIGINFO
SIGTERM: [libjvm.so+0xb64530], sa_mask[0]=11111111011111111101111111111110, sa_flags=SA_RESTART|SA_SIGINFO
SIGQUIT: [libjvm.so+0xb64530], sa_mask[0]=11111111011111111101111111111110, sa_flags=SA_RESTART|SA_SIGINFO


---------------  S Y S T E M  ---------------

OS:DISTRIB_ID=Ubuntu
DISTRIB_RELEASE=17.10
DISTRIB_CODENAME=artful
DISTRIB_DESCRIPTION="Ubuntu 17.10"
uname:Linux 4.13.0-16-generic #19-Ubuntu SMP Wed Oct 11 18:35:14 UTC 2017 x86_64
libc:glibc 2.26 NPTL 2.26 
rlimit: STACK 8192k, CORE 0k, NPROC 31023, NOFILE 1048576, AS infinity
load average:1,73 2,14 1,81

/proc/meminfo:
MemTotal:        8064180 kB
MemFree:          292772 kB
MemAvailable:    1996352 kB
Buffers:          114024 kB
Cached:          2113988 kB
SwapCached:            0 kB
Active:          6014920 kB
Inactive:        1393596 kB
Active(anon):    5101052 kB
Inactive(anon):   447788 kB
Active(file):     913868 kB
Inactive(file):   945808 kB
Unevictable:          48 kB
Mlocked:              48 kB
SwapTotal:       2097148 kB
SwapFree:        2097148 kB
Dirty:              5988 kB
Writeback:             0 kB
AnonPages:       5180604 kB
Mapped:           530776 kB
Shmem:            449404 kB
Slab:             183332 kB
SReclaimable:     134584 kB
SUnreclaim:        48748 kB
KernelStack:       14064 kB
PageTables:        69440 kB
NFS_Unstable:          0 kB
Bounce:                0 kB
WritebackTmp:          0 kB
CommitLimit:     6129236 kB
Committed_AS:   10869676 kB
VmallocTotal:   34359738367 kB
VmallocUsed:           0 kB
VmallocChunk:          0 kB
HardwareCorrupted:     0 kB
AnonHugePages:         0 kB
ShmemHugePages:        0 kB
ShmemPmdMapped:        0 kB
CmaTotal:              0 kB
CmaFree:               0 kB
HugePages_Total:       0
HugePages_Free:        0
HugePages_Rsvd:        0
HugePages_Surp:        0
Hugepagesize:       2048 kB
DirectMap4k:      183744 kB
DirectMap2M:     8099840 kB
DirectMap1G:           0 kB


CPU:total 4 (initial active 4) (2 cores per cpu, 2 threads per core) family 6 model 69 stepping 1, cmov, cx8, fxsr, mmx, sse, sse2, sse3, ssse3, sse4.1, sse4.2, popcnt, avx, avx2, aes, clmul, erms, lzcnt, ht, tsc, tscinvbit, bmi1, bmi2, fma
CPU Model and flags from /proc/cpuinfo:
model name	: Intel(R) Core(TM) i7-4510U CPU @ 2.00GHz
flags		: fpu vme de pse tsc msr pae mce cx8 apic sep mtrr pge mca cmov pat pse36 clflush dts acpi mmx fxsr sse sse2 ss ht tm pbe syscall nx pdpe1gb rdtscp lm constant_tsc arch_perfmon pebs bts rep_good nopl xtopology nonstop_tsc cpuid aperfmperf pni pclmulqdq dtes64 monitor ds_cpl vmx est tm2 ssse3 sdbg fma cx16 xtpr pdcm pcid sse4_1 sse4_2 movbe popcnt tsc_deadline_timer aes xsave avx f16c rdrand lahf_lm abm cpuid_fault epb tpr_shadow vnmi flexpriority ept vpid fsgsbase tsc_adjust bmi1 avx2 smep bmi2 erms invpcid xsaveopt dtherm ida arat pln pts

Memory: 4k page, physical 8064180k(292772k free), swap 2097148k(2097148k free)

vm_info: Java HotSpot(TM) 64-Bit Server VM (9.0.1+11) for linux-amd64 JRE (9.0.1+11), built on Sep 27 2017 20:48:27 by "mach5one" with gcc 4.9.2

END.
