#
# A fatal error has been detected by the Java Runtime Environment:
#
#  SIGSEGV (0xb) at pc=0x00007f503cda0761, pid=9029, tid=9056
#
# JRE version: Java(TM) SE Runtime Environment (9.0+11) (build 9.0.1+11)
# Java VM: Java HotSpot(TM) 64-Bit Server VM (9.0.1+11, mixed mode, tiered, compressed oops, g1 gc, linux-amd64)
# Problematic frame:
# V  [libjvm.so+0x645761]  ConstantPool::impl_signature_ref_at(int, bool)+0x21
#
# Core dump will be written. Default location: Core dumps may be processed with "/usr/share/apport/apport %p %s %c %P" (or dumping to /home/chends888/Documents/z0/09-Maquina-Virtual-1/core.9029)
#
# If you would like to submit a bug report, please visit:
#   http://bugreport.java.com/bugreport/crash.jsp
#

---------------  S U M M A R Y ------------

Command Line: -agentlib:jdwp=transport=dt_socket,address=127.0.0.1:42351,suspend=y,server=n -Dfile.encoding=UTF-8 vmtranslator.VMTranslator ./exemplos/pushConstant.vm -o ./exemplos/pushConstant.nasm

Host: Intel(R) Core(TM) i7-4510U CPU @ 2.00GHz, 4 cores, 7G, Ubuntu 17.10
Time: Mon Oct 30 20:41:37 2017 -02 elapsed time: 140 seconds (0d 0h 2m 20s)

---------------  T H R E A D  ---------------

Current thread (0x00007f5038132000):  VMThread "VM Thread" [stack: 0x00007f500c4f8000,0x00007f500c5f8000] [id=9056]

Stack: [0x00007f500c4f8000,0x00007f500c5f8000],  sp=0x00007f500c5f5f00,  free space=1015k
Native frames: (J=compiled Java code, A=aot compiled Java code, j=interpreted, Vv=VM code, C=native code)
V  [libjvm.so+0x645761]  ConstantPool::impl_signature_ref_at(int, bool)+0x21
V  [libjvm.so+0x7a8e09]  GenerateOopMap::do_method(int, int, int, int)+0x39
V  [libjvm.so+0x7ad223]  GenerateOopMap::interp1(BytecodeStream*)+0xb73
V  [libjvm.so+0x7ae104]  GenerateOopMap::interp_bb(BasicBlock*)+0x144
V  [libjvm.so+0x7b002f]  GenerateOopMap::do_interpretation()+0x9f
V  [libjvm.so+0x7b040b]  GenerateOopMap::compute_map(Thread*)+0x26b
V  [libjvm.so+0xb5a267]  OopMapForCacheEntry::compute_map(Thread*)+0x67
V  [libjvm.so+0xb5aedc]  OopMapCacheEntry::fill(methodHandle, int)+0x12c
V  [libjvm.so+0xb5b722]  OopMapCache::compute_one_oop_map(methodHandle const&, int, InterpreterOopMap*)+0x102
V  [libjvm.so+0xb5ba36]  OopMapCache::lookup(methodHandle const&, int, InterpreterOopMap*) const+0x216
V  [libjvm.so+0xafb264]  Method::mask_for(int, InterpreterOopMap*)+0x74
V  [libjvm.so+0x9a57ed]  VM_GetOrSetLocal::doit()+0x4d
V  [libjvm.so+0xd5d019]  VM_Operation::evaluate()+0x59
V  [libjvm.so+0xd5ad63]  VMThread::evaluate_operation(VM_Operation*)+0xc3
V  [libjvm.so+0xd5b2d0]  VMThread::loop()+0x210
V  [libjvm.so+0xd5b7e2]  VMThread::run()+0x72
V  [libjvm.so+0xb6de12]  thread_native_entry(Thread*)+0xf2


siginfo: si_signo: 11 (SIGSEGV), si_code: 2 (SEGV_ACCERR), si_addr: 0x00007f4febf1f930

Register to memory mapping:

RAX=0x00007f4febf1f930 is an unknown value
RBX=0x00007f500c5f5f30 is an unknown value
RCX=0x000000000000ca11 is an unknown value
RDX=0x0000000000000000 is an unknown value
RSP=0x00007f500c5f5f00 is an unknown value
RBP=0x00007f500c5f5f00 is an unknown value
RSI=0x0000000000194220 is an unknown value
RDI=0x00007f4febd8a428 is pointing into metadata
R8 =0x0000000000000017 is an unknown value
R9 =0x0000000000000018 is an unknown value
R10=0x00007f503da7d880: <offset 0x0000000001322880> in /usr/lib/jvm/java-9-oracle/lib/server/libjvm.so at 0x00007f503c75b000
R11=0x00007f50380cea70 is an unknown value
R12=0x0000000000000017 is an unknown value
R13=0x00007f503da7d4c0: <offset 0x00000000013224c0> in /usr/lib/jvm/java-9-oracle/lib/server/libjvm.so at 0x00007f503c75b000
R14=0x00007f500c5f68b0 is an unknown value
R15=0x0000000000000000 is an unknown value


Registers:
RAX=0x00007f4febf1f930, RBX=0x00007f500c5f5f30, RCX=0x000000000000ca11, RDX=0x0000000000000000
RSP=0x00007f500c5f5f00, RBP=0x00007f500c5f5f00, RSI=0x0000000000194220, RDI=0x00007f4febd8a428
R8 =0x0000000000000017, R9 =0x0000000000000018, R10=0x00007f503da7d880, R11=0x00007f50380cea70
R12=0x0000000000000017, R13=0x00007f503da7d4c0, R14=0x00007f500c5f68b0, R15=0x0000000000000000
RIP=0x00007f503cda0761, EFLAGS=0x0000000000010202, CSGSFS=0x002b000000000033, ERR=0x0000000000000004
  TRAPNO=0x000000000000000e

Top of Stack: (sp=0x00007f500c5f5f00)
0x00007f500c5f5f00:   00007f500c5f65a0 00007f503cf03e09
0x00007f500c5f5f10:   00007f500c5f5f20 0000000000000000
0x00007f500c5f5f20:   0000000000000000 00007f503d3a9a04
0x00007f500c5f5f30:   00007f503d980d10 00007f500c6733d8 

Instructions: (pc=0x00007f503cda0761)
0x00007f503cda0741:   84 d2 48 89 e5 75 28 48 8b 47 10 48 85 c0 74 1f
0x00007f503cda0751:   85 f6 78 3b 48 63 f6 48 c1 e6 05 48 8d 44 30 10
0x00007f503cda0761:   48 8b 30 0f b7 f6 eb 15 0f 1f 80 00 00 00 00 48
0x00007f503cda0771:   63 f6 48 89 f0 48 03 47 08 0f b6 40 04 0f b7 44 

VM_Operation (0x00007f4fea505a20): GetOrSetLocal, mode: safepoint, requested by thread 0x00007f503821b000


---------------  P R O C E S S  ---------------

Java Threads: ( => current thread )
  0x00007f5038220800 JavaThread "Service Thread" daemon [_thread_blocked, id=9082, stack(0x00007f4fea103000,0x00007f4fea204000)]
  0x00007f4fb8001800 JavaThread "JDWP Command Reader" daemon [_thread_in_native, id=9081, stack(0x00007f4fea204000,0x00007f4fea305000)]
  0x00007f503821e800 JavaThread "JDWP Event Helper Thread" daemon [_thread_blocked, id=9080, stack(0x00007f4fea305000,0x00007f4fea406000)]
  0x00007f503821b000 JavaThread "JDWP Transport Listener: dt_socket" daemon [_thread_blocked, id=9078, stack(0x00007f4fea406000,0x00007f4fea507000)]
  0x00007f5038176800 JavaThread "Common-Cleaner" daemon [_thread_blocked, id=9072, stack(0x00007f4fea70b000,0x00007f4fea80c000)]
  0x00007f5038167800 JavaThread "Sweeper thread" daemon [_thread_blocked, id=9068, stack(0x00007f4feac34000,0x00007f4fead35000)]
  0x00007f5038166000 JavaThread "C1 CompilerThread2" daemon [_thread_blocked, id=9067, stack(0x00007f4fead35000,0x00007f4feae36000)]
  0x00007f5038164000 JavaThread "C2 CompilerThread1" daemon [_thread_blocked, id=9066, stack(0x00007f4ff0037000,0x00007f4ff0138000)]
  0x00007f5038160000 JavaThread "C2 CompilerThread0" daemon [_thread_blocked, id=9065, stack(0x00007f500c0f3000,0x00007f500c1f4000)]
  0x00007f5038162000 JavaThread "Signal Dispatcher" daemon [_thread_blocked, id=9064, stack(0x00007f500c1f4000,0x00007f500c2f5000)]
  0x00007f5038144000 JavaThread "Finalizer" daemon [_thread_blocked, id=9059, stack(0x00007f500c2f5000,0x00007f500c3f6000)]
  0x00007f503813c000 JavaThread "Reference Handler" daemon [_thread_blocked, id=9057, stack(0x00007f500c3f6000,0x00007f500c4f7000)]
  0x00007f5038014000 JavaThread "main" [_thread_blocked, id=9033, stack(0x00007f503e818000,0x00007f503e918000)]

Other Threads:
=>0x00007f5038132000 VMThread "VM Thread" [stack: 0x00007f500c4f8000,0x00007f500c5f8000] [id=9056]
  0x00007f5038224000 WatcherThread [stack: 0x00007f4fea003000,0x00007f4fea103000] [id=9083]
  0x00007f503802b800 GCTaskThread "GC Thread#0" [stack: 0x00007f501c752000,0x00007f501c852000] [id=9034]
  0x00007f503802d000 GCTaskThread "GC Thread#1" [stack: 0x00007f501c651000,0x00007f501c751000] [id=9036]
  0x00007f503802f000 GCTaskThread "GC Thread#2" [stack: 0x00007f501c550000,0x00007f501c650000] [id=9038]
  0x00007f5038030800 GCTaskThread "GC Thread#3" [stack: 0x00007f501c44f000,0x00007f501c54f000] [id=9041]
  0x00007f503805f000 ConcurrentGCThread "G1 Main Marker" [stack: 0x00007f500cbcf000,0x00007f500cccf000] [id=9053]
  0x00007f5038060800 ConcurrentGCThread "G1 Marker#0" [stack: 0x00007f500cace000,0x00007f500cbce000] [id=9055]
  0x00007f5038038000 ConcurrentGCThread "G1 Refine#0" [stack: 0x00007f500fbfd000,0x00007f500fcfd000] [id=9049]
  0x00007f5038036000 ConcurrentGCThread "G1 Refine#1" [stack: 0x00007f500fcfe000,0x00007f500fdfe000] [id=9047]
  0x00007f5038034000 ConcurrentGCThread "G1 Refine#2" [stack: 0x00007f500fdff000,0x00007f500feff000] [id=9045]
  0x00007f5038032800 ConcurrentGCThread "G1 Refine#3" [stack: 0x00007f500ff00000,0x00007f5010000000] [id=9043]
  0x00007f5038039800 ConcurrentGCThread "G1 Young RemSet Sampling" [stack: 0x00007f500fafc000,0x00007f500fbfc000] [id=9051]

Threads with active compile tasks:

VM state:at safepoint (normal execution)

VM Mutex/Monitor currently owned by a thread:  ([mutex/lock_event])
[0x00007f5038010090] Threads_lock - owner thread: 0x00007f5038132000

Heap address: 0x0000000084e00000, size: 1970 MB, Compressed Oops mode: 32-bit
Narrow klass base: 0x0000000000000000, Narrow klass shift: 3
Compressed class space size: 1073741824 Address: 0x0000000100000000

Heap:
 garbage-first heap   total 126976K, used 2048K [0x0000000084e00000, 0x0000000084f003e0, 0x0000000100000000)
  region size 1024K, 3 young (3072K), 0 survivors (0K)
 Metaspace       used 6211K, capacity 6366K, committed 6528K, reserved 1056768K
  class space    used 523K, capacity 551K, committed 640K, reserved 1048576K
Heap Regions: E=young(eden), S=young(survivor), O=old, HS=humongous(starts), HC=humongous(continues), CS=collection set, F=free, A=archive, TS=gc time stamp, AC=allocation context, TAMS=top-at-mark-start (previous, next)
|   0|0x0000000084e00000, 0x0000000084e00000, 0x0000000084f00000|  0%| F|  |TS  0|AC  0|TAMS 0x0000000084e00000, 0x0000000084e00000|
|   1|0x0000000084f00000, 0x0000000084f00000, 0x0000000085000000|  0%| F|  |TS  0|AC  0|TAMS 0x0000000084f00000, 0x0000000084f00000|
|   2|0x0000000085000000, 0x0000000085000000, 0x0000000085100000|  0%| F|  |TS  0|AC  0|TAMS 0x0000000085000000, 0x0000000085000000|
|   3|0x0000000085100000, 0x0000000085100000, 0x0000000085200000|  0%| F|  |TS  0|AC  0|TAMS 0x0000000085100000, 0x0000000085100000|
|   4|0x0000000085200000, 0x0000000085200000, 0x0000000085300000|  0%| F|  |TS  0|AC  0|TAMS 0x0000000085200000, 0x0000000085200000|
|   5|0x0000000085300000, 0x0000000085300000, 0x0000000085400000|  0%| F|  |TS  0|AC  0|TAMS 0x0000000085300000, 0x0000000085300000|
|   6|0x0000000085400000, 0x0000000085400000, 0x0000000085500000|  0%| F|  |TS  0|AC  0|TAMS 0x0000000085400000, 0x0000000085400000|
|   7|0x0000000085500000, 0x0000000085500000, 0x0000000085600000|  0%| F|  |TS  0|AC  0|TAMS 0x0000000085500000, 0x0000000085500000|
|   8|0x0000000085600000, 0x0000000085600000, 0x0000000085700000|  0%| F|  |TS  0|AC  0|TAMS 0x0000000085600000, 0x0000000085600000|
|   9|0x0000000085700000, 0x0000000085700000, 0x0000000085800000|  0%| F|  |TS  0|AC  0|TAMS 0x0000000085700000, 0x0000000085700000|
|  10|0x0000000085800000, 0x0000000085800000, 0x0000000085900000|  0%| F|  |TS  0|AC  0|TAMS 0x0000000085800000, 0x0000000085800000|
|  11|0x0000000085900000, 0x0000000085900000, 0x0000000085a00000|  0%| F|  |TS  0|AC  0|TAMS 0x0000000085900000, 0x0000000085900000|
|  12|0x0000000085a00000, 0x0000000085a00000, 0x0000000085b00000|  0%| F|  |TS  0|AC  0|TAMS 0x0000000085a00000, 0x0000000085a00000|
|  13|0x0000000085b00000, 0x0000000085b00000, 0x0000000085c00000|  0%| F|  |TS  0|AC  0|TAMS 0x0000000085b00000, 0x0000000085b00000|
|  14|0x0000000085c00000, 0x0000000085c00000, 0x0000000085d00000|  0%| F|  |TS  0|AC  0|TAMS 0x0000000085c00000, 0x0000000085c00000|
|  15|0x0000000085d00000, 0x0000000085d00000, 0x0000000085e00000|  0%| F|  |TS  0|AC  0|TAMS 0x0000000085d00000, 0x0000000085d00000|
|  16|0x0000000085e00000, 0x0000000085e00000, 0x0000000085f00000|  0%| F|  |TS  0|AC  0|TAMS 0x0000000085e00000, 0x0000000085e00000|
|  17|0x0000000085f00000, 0x0000000085f00000, 0x0000000086000000|  0%| F|  |TS  0|AC  0|TAMS 0x0000000085f00000, 0x0000000085f00000|
|  18|0x0000000086000000, 0x0000000086000000, 0x0000000086100000|  0%| F|  |TS  0|AC  0|TAMS 0x0000000086000000, 0x0000000086000000|
|  19|0x0000000086100000, 0x0000000086100000, 0x0000000086200000|  0%| F|  |TS  0|AC  0|TAMS 0x0000000086100000, 0x0000000086100000|
|  20|0x0000000086200000, 0x0000000086200000, 0x0000000086300000|  0%| F|  |TS  0|AC  0|TAMS 0x0000000086200000, 0x0000000086200000|
|  21|0x0000000086300000, 0x0000000086300000, 0x0000000086400000|  0%| F|  |TS  0|AC  0|TAMS 0x0000000086300000, 0x0000000086300000|
|  22|0x0000000086400000, 0x0000000086400000, 0x0000000086500000|  0%| F|  |TS  0|AC  0|TAMS 0x0000000086400000, 0x0000000086400000|
|  23|0x0000000086500000, 0x0000000086500000, 0x0000000086600000|  0%| F|  |TS  0|AC  0|TAMS 0x0000000086500000, 0x0000000086500000|
|  24|0x0000000086600000, 0x0000000086600000, 0x0000000086700000|  0%| F|  |TS  0|AC  0|TAMS 0x0000000086600000, 0x0000000086600000|
|  25|0x0000000086700000, 0x0000000086700000, 0x0000000086800000|  0%| F|  |TS  0|AC  0|TAMS 0x0000000086700000, 0x0000000086700000|
|  26|0x0000000086800000, 0x0000000086800000, 0x0000000086900000|  0%| F|  |TS  0|AC  0|TAMS 0x0000000086800000, 0x0000000086800000|
|  27|0x0000000086900000, 0x0000000086900000, 0x0000000086a00000|  0%| F|  |TS  0|AC  0|TAMS 0x0000000086900000, 0x0000000086900000|
|  28|0x0000000086a00000, 0x0000000086a00000, 0x0000000086b00000|  0%| F|  |TS  0|AC  0|TAMS 0x0000000086a00000, 0x0000000086a00000|
|  29|0x0000000086b00000, 0x0000000086b00000, 0x0000000086c00000|  0%| F|  |TS  0|AC  0|TAMS 0x0000000086b00000, 0x0000000086b00000|
|  30|0x0000000086c00000, 0x0000000086c00000, 0x0000000086d00000|  0%| F|  |TS  0|AC  0|TAMS 0x0000000086c00000, 0x0000000086c00000|
|  31|0x0000000086d00000, 0x0000000086d00000, 0x0000000086e00000|  0%| F|  |TS  0|AC  0|TAMS 0x0000000086d00000, 0x0000000086d00000|
|  32|0x0000000086e00000, 0x0000000086e00000, 0x0000000086f00000|  0%| F|  |TS  0|AC  0|TAMS 0x0000000086e00000, 0x0000000086e00000|
|  33|0x0000000086f00000, 0x0000000086f00000, 0x0000000087000000|  0%| F|  |TS  0|AC  0|TAMS 0x0000000086f00000, 0x0000000086f00000|
|  34|0x0000000087000000, 0x0000000087000000, 0x0000000087100000|  0%| F|  |TS  0|AC  0|TAMS 0x0000000087000000, 0x0000000087000000|
|  35|0x0000000087100000, 0x0000000087100000, 0x0000000087200000|  0%| F|  |TS  0|AC  0|TAMS 0x0000000087100000, 0x0000000087100000|
|  36|0x0000000087200000, 0x0000000087200000, 0x0000000087300000|  0%| F|  |TS  0|AC  0|TAMS 0x0000000087200000, 0x0000000087200000|
|  37|0x0000000087300000, 0x0000000087300000, 0x0000000087400000|  0%| F|  |TS  0|AC  0|TAMS 0x0000000087300000, 0x0000000087300000|
|  38|0x0000000087400000, 0x0000000087400000, 0x0000000087500000|  0%| F|  |TS  0|AC  0|TAMS 0x0000000087400000, 0x0000000087400000|
|  39|0x0000000087500000, 0x0000000087500000, 0x0000000087600000|  0%| F|  |TS  0|AC  0|TAMS 0x0000000087500000, 0x0000000087500000|
|  40|0x0000000087600000, 0x0000000087600000, 0x0000000087700000|  0%| F|  |TS  0|AC  0|TAMS 0x0000000087600000, 0x0000000087600000|
|  41|0x0000000087700000, 0x0000000087700000, 0x0000000087800000|  0%| F|  |TS  0|AC  0|TAMS 0x0000000087700000, 0x0000000087700000|
|  42|0x0000000087800000, 0x0000000087800000, 0x0000000087900000|  0%| F|  |TS  0|AC  0|TAMS 0x0000000087800000, 0x0000000087800000|
|  43|0x0000000087900000, 0x0000000087900000, 0x0000000087a00000|  0%| F|  |TS  0|AC  0|TAMS 0x0000000087900000, 0x0000000087900000|
|  44|0x0000000087a00000, 0x0000000087a00000, 0x0000000087b00000|  0%| F|  |TS  0|AC  0|TAMS 0x0000000087a00000, 0x0000000087a00000|
|  45|0x0000000087b00000, 0x0000000087b00000, 0x0000000087c00000|  0%| F|  |TS  0|AC  0|TAMS 0x0000000087b00000, 0x0000000087b00000|
|  46|0x0000000087c00000, 0x0000000087c00000, 0x0000000087d00000|  0%| F|  |TS  0|AC  0|TAMS 0x0000000087c00000, 0x0000000087c00000|
|  47|0x0000000087d00000, 0x0000000087d00000, 0x0000000087e00000|  0%| F|  |TS  0|AC  0|TAMS 0x0000000087d00000, 0x0000000087d00000|
|  48|0x0000000087e00000, 0x0000000087e00000, 0x0000000087f00000|  0%| F|  |TS  0|AC  0|TAMS 0x0000000087e00000, 0x0000000087e00000|
|  49|0x0000000087f00000, 0x0000000087f00000, 0x0000000088000000|  0%| F|  |TS  0|AC  0|TAMS 0x0000000087f00000, 0x0000000087f00000|
|  50|0x0000000088000000, 0x0000000088000000, 0x0000000088100000|  0%| F|  |TS  0|AC  0|TAMS 0x0000000088000000, 0x0000000088000000|
|  51|0x0000000088100000, 0x0000000088100000, 0x0000000088200000|  0%| F|  |TS  0|AC  0|TAMS 0x0000000088100000, 0x0000000088100000|
|  52|0x0000000088200000, 0x0000000088200000, 0x0000000088300000|  0%| F|  |TS  0|AC  0|TAMS 0x0000000088200000, 0x0000000088200000|
|  53|0x0000000088300000, 0x0000000088300000, 0x0000000088400000|  0%| F|  |TS  0|AC  0|TAMS 0x0000000088300000, 0x0000000088300000|
|  54|0x0000000088400000, 0x0000000088400000, 0x0000000088500000|  0%| F|  |TS  0|AC  0|TAMS 0x0000000088400000, 0x0000000088400000|
|  55|0x0000000088500000, 0x0000000088500000, 0x0000000088600000|  0%| F|  |TS  0|AC  0|TAMS 0x0000000088500000, 0x0000000088500000|
|  56|0x0000000088600000, 0x0000000088600000, 0x0000000088700000|  0%| F|  |TS  0|AC  0|TAMS 0x0000000088600000, 0x0000000088600000|
|  57|0x0000000088700000, 0x0000000088700000, 0x0000000088800000|  0%| F|  |TS  0|AC  0|TAMS 0x0000000088700000, 0x0000000088700000|
|  58|0x0000000088800000, 0x0000000088800000, 0x0000000088900000|  0%| F|  |TS  0|AC  0|TAMS 0x0000000088800000, 0x0000000088800000|
|  59|0x0000000088900000, 0x0000000088900000, 0x0000000088a00000|  0%| F|  |TS  0|AC  0|TAMS 0x0000000088900000, 0x0000000088900000|
|  60|0x0000000088a00000, 0x0000000088a00000, 0x0000000088b00000|  0%| F|  |TS  0|AC  0|TAMS 0x0000000088a00000, 0x0000000088a00000|
|  61|0x0000000088b00000, 0x0000000088b00000, 0x0000000088c00000|  0%| F|  |TS  0|AC  0|TAMS 0x0000000088b00000, 0x0000000088b00000|
|  62|0x0000000088c00000, 0x0000000088c00000, 0x0000000088d00000|  0%| F|  |TS  0|AC  0|TAMS 0x0000000088c00000, 0x0000000088c00000|
|  63|0x0000000088d00000, 0x0000000088d00000, 0x0000000088e00000|  0%| F|  |TS  0|AC  0|TAMS 0x0000000088d00000, 0x0000000088d00000|
|  64|0x0000000088e00000, 0x0000000088e00000, 0x0000000088f00000|  0%| F|  |TS  0|AC  0|TAMS 0x0000000088e00000, 0x0000000088e00000|
|  65|0x0000000088f00000, 0x0000000088f00000, 0x0000000089000000|  0%| F|  |TS  0|AC  0|TAMS 0x0000000088f00000, 0x0000000088f00000|
|  66|0x0000000089000000, 0x0000000089000000, 0x0000000089100000|  0%| F|  |TS  0|AC  0|TAMS 0x0000000089000000, 0x0000000089000000|
|  67|0x0000000089100000, 0x0000000089100000, 0x0000000089200000|  0%| F|  |TS  0|AC  0|TAMS 0x0000000089100000, 0x0000000089100000|
|  68|0x0000000089200000, 0x0000000089200000, 0x0000000089300000|  0%| F|  |TS  0|AC  0|TAMS 0x0000000089200000, 0x0000000089200000|
|  69|0x0000000089300000, 0x0000000089300000, 0x0000000089400000|  0%| F|  |TS  0|AC  0|TAMS 0x0000000089300000, 0x0000000089300000|
|  70|0x0000000089400000, 0x0000000089400000, 0x0000000089500000|  0%| F|  |TS  0|AC  0|TAMS 0x0000000089400000, 0x0000000089400000|
|  71|0x0000000089500000, 0x0000000089500000, 0x0000000089600000|  0%| F|  |TS  0|AC  0|TAMS 0x0000000089500000, 0x0000000089500000|
|  72|0x0000000089600000, 0x0000000089600000, 0x0000000089700000|  0%| F|  |TS  0|AC  0|TAMS 0x0000000089600000, 0x0000000089600000|
|  73|0x0000000089700000, 0x0000000089700000, 0x0000000089800000|  0%| F|  |TS  0|AC  0|TAMS 0x0000000089700000, 0x0000000089700000|
|  74|0x0000000089800000, 0x0000000089800000, 0x0000000089900000|  0%| F|  |TS  0|AC  0|TAMS 0x0000000089800000, 0x0000000089800000|
|  75|0x0000000089900000, 0x0000000089900000, 0x0000000089a00000|  0%| F|  |TS  0|AC  0|TAMS 0x0000000089900000, 0x0000000089900000|
|  76|0x0000000089a00000, 0x0000000089a00000, 0x0000000089b00000|  0%| F|  |TS  0|AC  0|TAMS 0x0000000089a00000, 0x0000000089a00000|
|  77|0x0000000089b00000, 0x0000000089b00000, 0x0000000089c00000|  0%| F|  |TS  0|AC  0|TAMS 0x0000000089b00000, 0x0000000089b00000|
|  78|0x0000000089c00000, 0x0000000089c00000, 0x0000000089d00000|  0%| F|  |TS  0|AC  0|TAMS 0x0000000089c00000, 0x0000000089c00000|
|  79|0x0000000089d00000, 0x0000000089d00000, 0x0000000089e00000|  0%| F|  |TS  0|AC  0|TAMS 0x0000000089d00000, 0x0000000089d00000|
|  80|0x0000000089e00000, 0x0000000089e00000, 0x0000000089f00000|  0%| F|  |TS  0|AC  0|TAMS 0x0000000089e00000, 0x0000000089e00000|
|  81|0x0000000089f00000, 0x0000000089f00000, 0x000000008a000000|  0%| F|  |TS  0|AC  0|TAMS 0x0000000089f00000, 0x0000000089f00000|
|  82|0x000000008a000000, 0x000000008a000000, 0x000000008a100000|  0%| F|  |TS  0|AC  0|TAMS 0x000000008a000000, 0x000000008a000000|
|  83|0x000000008a100000, 0x000000008a100000, 0x000000008a200000|  0%| F|  |TS  0|AC  0|TAMS 0x000000008a100000, 0x000000008a100000|
|  84|0x000000008a200000, 0x000000008a200000, 0x000000008a300000|  0%| F|  |TS  0|AC  0|TAMS 0x000000008a200000, 0x000000008a200000|
|  85|0x000000008a300000, 0x000000008a300000, 0x000000008a400000|  0%| F|  |TS  0|AC  0|TAMS 0x000000008a300000, 0x000000008a300000|
|  86|0x000000008a400000, 0x000000008a400000, 0x000000008a500000|  0%| F|  |TS  0|AC  0|TAMS 0x000000008a400000, 0x000000008a400000|
|  87|0x000000008a500000, 0x000000008a500000, 0x000000008a600000|  0%| F|  |TS  0|AC  0|TAMS 0x000000008a500000, 0x000000008a500000|
|  88|0x000000008a600000, 0x000000008a600000, 0x000000008a700000|  0%| F|  |TS  0|AC  0|TAMS 0x000000008a600000, 0x000000008a600000|
|  89|0x000000008a700000, 0x000000008a700000, 0x000000008a800000|  0%| F|  |TS  0|AC  0|TAMS 0x000000008a700000, 0x000000008a700000|
|  90|0x000000008a800000, 0x000000008a800000, 0x000000008a900000|  0%| F|  |TS  0|AC  0|TAMS 0x000000008a800000, 0x000000008a800000|
|  91|0x000000008a900000, 0x000000008a900000, 0x000000008aa00000|  0%| F|  |TS  0|AC  0|TAMS 0x000000008a900000, 0x000000008a900000|
|  92|0x000000008aa00000, 0x000000008aa00000, 0x000000008ab00000|  0%| F|  |TS  0|AC  0|TAMS 0x000000008aa00000, 0x000000008aa00000|
|  93|0x000000008ab00000, 0x000000008ab00000, 0x000000008ac00000|  0%| F|  |TS  0|AC  0|TAMS 0x000000008ab00000, 0x000000008ab00000|
|  94|0x000000008ac00000, 0x000000008ac00000, 0x000000008ad00000|  0%| F|  |TS  0|AC  0|TAMS 0x000000008ac00000, 0x000000008ac00000|
|  95|0x000000008ad00000, 0x000000008ad00000, 0x000000008ae00000|  0%| F|  |TS  0|AC  0|TAMS 0x000000008ad00000, 0x000000008ad00000|
|  96|0x000000008ae00000, 0x000000008ae00000, 0x000000008af00000|  0%| F|  |TS  0|AC  0|TAMS 0x000000008ae00000, 0x000000008ae00000|
|  97|0x000000008af00000, 0x000000008af00000, 0x000000008b000000|  0%| F|  |TS  0|AC  0|TAMS 0x000000008af00000, 0x000000008af00000|
|  98|0x000000008b000000, 0x000000008b000000, 0x000000008b100000|  0%| F|  |TS  0|AC  0|TAMS 0x000000008b000000, 0x000000008b000000|
|  99|0x000000008b100000, 0x000000008b100000, 0x000000008b200000|  0%| F|  |TS  0|AC  0|TAMS 0x000000008b100000, 0x000000008b100000|
| 100|0x000000008b200000, 0x000000008b200000, 0x000000008b300000|  0%| F|  |TS  0|AC  0|TAMS 0x000000008b200000, 0x000000008b200000|
| 101|0x000000008b300000, 0x000000008b300000, 0x000000008b400000|  0%| F|  |TS  0|AC  0|TAMS 0x000000008b300000, 0x000000008b300000|
| 102|0x000000008b400000, 0x000000008b400000, 0x000000008b500000|  0%| F|  |TS  0|AC  0|TAMS 0x000000008b400000, 0x000000008b400000|
| 103|0x000000008b500000, 0x000000008b500000, 0x000000008b600000|  0%| F|  |TS  0|AC  0|TAMS 0x000000008b500000, 0x000000008b500000|
| 104|0x000000008b600000, 0x000000008b600000, 0x000000008b700000|  0%| F|  |TS  0|AC  0|TAMS 0x000000008b600000, 0x000000008b600000|
| 105|0x000000008b700000, 0x000000008b700000, 0x000000008b800000|  0%| F|  |TS  0|AC  0|TAMS 0x000000008b700000, 0x000000008b700000|
| 106|0x000000008b800000, 0x000000008b800000, 0x000000008b900000|  0%| F|  |TS  0|AC  0|TAMS 0x000000008b800000, 0x000000008b800000|
| 107|0x000000008b900000, 0x000000008b900000, 0x000000008ba00000|  0%| F|  |TS  0|AC  0|TAMS 0x000000008b900000, 0x000000008b900000|
| 108|0x000000008ba00000, 0x000000008ba00000, 0x000000008bb00000|  0%| F|  |TS  0|AC  0|TAMS 0x000000008ba00000, 0x000000008ba00000|
| 109|0x000000008bb00000, 0x000000008bb00000, 0x000000008bc00000|  0%| F|  |TS  0|AC  0|TAMS 0x000000008bb00000, 0x000000008bb00000|
| 110|0x000000008bc00000, 0x000000008bc00000, 0x000000008bd00000|  0%| F|  |TS  0|AC  0|TAMS 0x000000008bc00000, 0x000000008bc00000|
| 111|0x000000008bd00000, 0x000000008bd00000, 0x000000008be00000|  0%| F|  |TS  0|AC  0|TAMS 0x000000008bd00000, 0x000000008bd00000|
| 112|0x000000008be00000, 0x000000008be00000, 0x000000008bf00000|  0%| F|  |TS  0|AC  0|TAMS 0x000000008be00000, 0x000000008be00000|
| 113|0x000000008bf00000, 0x000000008bf00000, 0x000000008c000000|  0%| F|  |TS  0|AC  0|TAMS 0x000000008bf00000, 0x000000008bf00000|
| 114|0x000000008c000000, 0x000000008c000000, 0x000000008c100000|  0%| F|  |TS  0|AC  0|TAMS 0x000000008c000000, 0x000000008c000000|
| 115|0x000000008c100000, 0x000000008c100000, 0x000000008c200000|  0%| F|  |TS  0|AC  0|TAMS 0x000000008c100000, 0x000000008c100000|
| 116|0x000000008c200000, 0x000000008c200000, 0x000000008c300000|  0%| F|  |TS  0|AC  0|TAMS 0x000000008c200000, 0x000000008c200000|
| 117|0x000000008c300000, 0x000000008c300000, 0x000000008c400000|  0%| F|  |TS  0|AC  0|TAMS 0x000000008c300000, 0x000000008c300000|
| 118|0x000000008c400000, 0x000000008c400000, 0x000000008c500000|  0%| F|  |TS  0|AC  0|TAMS 0x000000008c400000, 0x000000008c400000|
| 119|0x000000008c500000, 0x000000008c500000, 0x000000008c600000|  0%| F|  |TS  0|AC  0|TAMS 0x000000008c500000, 0x000000008c500000|
| 120|0x000000008c600000, 0x000000008c600000, 0x000000008c700000|  0%| F|  |TS  0|AC  0|TAMS 0x000000008c600000, 0x000000008c600000|
| 121|0x000000008c700000, 0x000000008c7482f8, 0x000000008c800000| 28%| E|  |TS  0|AC  0|TAMS 0x000000008c700000, 0x000000008c700000|
| 122|0x000000008c800000, 0x000000008c900000, 0x000000008c900000|100%| E|CS|TS  0|AC  0|TAMS 0x000000008c800000, 0x000000008c800000|
| 123|0x000000008c900000, 0x000000008ca00000, 0x000000008ca00000|100%| E|CS|TS  0|AC  0|TAMS 0x000000008c900000, 0x000000008c900000|

Card table byte_map: [0x00007f500ef70000,0x00007f500f349000] byte_map_base: 0x00007f500eb49000

Marking Bits (Prev, Next): (CMBitMap*) 0x00007f503805e120, (CMBitMap*) 0x00007f503805e158
 Prev Bits: [0x00007f500cccf000, 0x00007f500eb97000)
 Next Bits: [0x00007f4ff2138000, 0x00007f4ff4000000)

Polling page: 0x00007f503e932000

CodeHeap 'non-profiled nmethods': size=120032Kb used=75Kb max_used=75Kb free=119956Kb
 bounds [0x00007f502431a000, 0x00007f502458a000, 0x00007f502b852000]
CodeHeap 'profiled nmethods': size=120032Kb used=314Kb max_used=314Kb free=119717Kb
 bounds [0x00007f501cde2000, 0x00007f501d052000, 0x00007f502431a000]
CodeHeap 'non-nmethods': size=5696Kb used=1164Kb max_used=1172Kb free=4531Kb
 bounds [0x00007f501c852000, 0x00007f501cac2000, 0x00007f501cde2000]
 total_blobs=617 nmethods=248 adapters=221
 compilation: enabled

Compilation events (10 events):
Event: 0,445 Thread 0x00007f5038166000  244       3       java.lang.String::charAt (25 bytes)
Event: 0,445 Thread 0x00007f5038166000 nmethod 244 0x00007f501ce2dc90 code [0x00007f501ce2dea0, 0x00007f501ce2e418]
Event: 0,449 Thread 0x00007f5038166000  245       1       java.lang.ThreadLocal::access$400 (5 bytes)
Event: 0,449 Thread 0x00007f5038166000 nmethod 245 0x00007f502432cb90 code [0x00007f502432cd40, 0x00007f502432ce30]
Event: 0,468 Thread 0x00007f5038166000  246       3       java.lang.invoke.MethodType$ConcurrentWeakInternSet::get (54 bytes)
Event: 0,469 Thread 0x00007f5038166000 nmethod 246 0x00007f501ce2e690 code [0x00007f501ce2e920, 0x00007f501ce2f658]
Event: 21,432 Thread 0x00007f5038166000  247       3       java.lang.invoke.MethodType$ConcurrentWeakInternSet$WeakEntry::equals (49 bytes)
Event: 21,433 Thread 0x00007f5038166000 nmethod 247 0x00007f501ce2fb10 code [0x00007f501ce2fd00, 0x00007f501ce303c8]
Event: 21,433 Thread 0x00007f5038166000  248       3       java.lang.invoke.MethodType::equals (31 bytes)
Event: 21,433 Thread 0x00007f5038166000 nmethod 248 0x00007f501ce30510 code [0x00007f501ce306c0, 0x00007f501ce30908]

GC Heap History (0 events):
No events

Deoptimization events (1 events):
Event: 0,443 Thread 0x00007f5038014000 Uncommon trap: reason=unstable_if action=reinterpret pc=0x00007f5024327d9c method=java.lang.String.charAt(I)C @ 4 c2

Classes redefined (2 events):
Event: 68,666 Thread 0x00007f5038132000 redefined class name=vmtranslator.Code, count=1
Event: 140,014 Thread 0x00007f5038132000 redefined class name=vmtranslator.Code, count=2

Internal exceptions (1 events):
Event: 0,378 Thread 0x00007f5038014000 Exception <a 'java/lang/NoSuchMethodError'{0x000000008c8d5b20}: java.lang.Object.lambda$union$2(Ljava/util/regex/Pattern$CharPredicate;I)Z> (0x000000008c8d5b20) thrown at [/scratch/opt/mach5/mesos/work_dir/slaves/e72b529e-af37-4c00-b29e-141f3b57348c-S1075

Events (10 events):
Event: 140,016 Executing VM operation: GetOrSetLocal done
Event: 140,067 Executing VM operation: ChangeBreakpoints
Event: 140,067 Executing VM operation: ChangeBreakpoints done
Event: 140,069 Executing VM operation: ChangeBreakpoints
Event: 140,069 Executing VM operation: ChangeBreakpoints done
Event: 140,072 Executing VM operation: GetFrameCount
Event: 140,072 Executing VM operation: GetFrameCount done
Event: 140,072 Executing VM operation: GetFrameLocation
Event: 140,072 Executing VM operation: GetFrameLocation done
Event: 140,106 Executing VM operation: GetOrSetLocal


Dynamic libraries:
00400000-00401000 r-xp 00000000 08:06 9047299                            /usr/lib/jvm/java-9-oracle/bin/java
00600000-00601000 rw-p 00000000 08:06 9047299                            /usr/lib/jvm/java-9-oracle/bin/java
00d8a000-00dab000 rw-p 00000000 00:00 0                                  [heap]
84e00000-8ca00000 rw-p 00000000 00:00 0 
8ca00000-100000000 ---p 00000000 00:00 0 
100000000-1000a0000 rw-p 00000000 00:00 0 
1000a0000-140000000 ---p 00000000 00:00 0 
7f4fa8000000-7f4fa8021000 rw-p 00000000 00:00 0 
7f4fa8021000-7f4fac000000 ---p 00000000 00:00 0 
7f4fb0000000-7f4fb0021000 rw-p 00000000 00:00 0 
7f4fb0021000-7f4fb4000000 ---p 00000000 00:00 0 
7f4fb4000000-7f4fb4021000 rw-p 00000000 00:00 0 
7f4fb4021000-7f4fb8000000 ---p 00000000 00:00 0 
7f4fb8000000-7f4fb8025000 rw-p 00000000 00:00 0 
7f4fb8025000-7f4fbc000000 ---p 00000000 00:00 0 
7f4fbc000000-7f4fbc021000 rw-p 00000000 00:00 0 
7f4fbc021000-7f4fc0000000 ---p 00000000 00:00 0 
7f4fc0000000-7f4fc0021000 rw-p 00000000 00:00 0 
7f4fc0021000-7f4fc4000000 ---p 00000000 00:00 0 
7f4fc4000000-7f4fc4021000 rw-p 00000000 00:00 0 
7f4fc4021000-7f4fc8000000 ---p 00000000 00:00 0 
7f4fc8000000-7f4fc807b000 rw-p 00000000 00:00 0 
7f4fc807b000-7f4fcc000000 ---p 00000000 00:00 0 
7f4fcc000000-7f4fcc06b000 rw-p 00000000 00:00 0 
7f4fcc06b000-7f4fd0000000 ---p 00000000 00:00 0 
7f4fd0000000-7f4fd0021000 rw-p 00000000 00:00 0 
7f4fd0021000-7f4fd4000000 ---p 00000000 00:00 0 
7f4fd4000000-7f4fd4077000 rw-p 00000000 00:00 0 
7f4fd4077000-7f4fd8000000 ---p 00000000 00:00 0 
7f4fd8000000-7f4fd8021000 rw-p 00000000 00:00 0 
7f4fd8021000-7f4fdc000000 ---p 00000000 00:00 0 
7f4fdc000000-7f4fdc021000 rw-p 00000000 00:00 0 
7f4fdc021000-7f4fe0000000 ---p 00000000 00:00 0 
7f4fe0000000-7f4fe0021000 rw-p 00000000 00:00 0 
7f4fe0021000-7f4fe4000000 ---p 00000000 00:00 0 
7f4fe4000000-7f4fe4021000 rw-p 00000000 00:00 0 
7f4fe4021000-7f4fe8000000 ---p 00000000 00:00 0 
7f4fe9cd4000-7f4fea002000 rw-p 00000000 00:00 0 
7f4fea002000-7f4fea003000 ---p 00000000 00:00 0 
7f4fea003000-7f4fea103000 rw-p 00000000 00:00 0 
7f4fea103000-7f4fea107000 ---p 00000000 00:00 0 
7f4fea107000-7f4fea204000 rw-p 00000000 00:00 0 
7f4fea204000-7f4fea208000 ---p 00000000 00:00 0 
7f4fea208000-7f4fea305000 rw-p 00000000 00:00 0 
7f4fea305000-7f4fea309000 ---p 00000000 00:00 0 
7f4fea309000-7f4fea406000 rw-p 00000000 00:00 0 
7f4fea406000-7f4fea40a000 ---p 00000000 00:00 0 
7f4fea40a000-7f4fea507000 rw-p 00000000 00:00 0 
7f4fea507000-7f4fea50b000 r-xp 00000000 08:06 9047566                    /usr/lib/jvm/java-9-oracle/lib/libdt_socket.so
7f4fea50b000-7f4fea70a000 ---p 00004000 08:06 9047566                    /usr/lib/jvm/java-9-oracle/lib/libdt_socket.so
7f4fea70a000-7f4fea70b000 rw-p 00003000 08:06 9047566                    /usr/lib/jvm/java-9-oracle/lib/libdt_socket.so
7f4fea70b000-7f4fea70f000 ---p 00000000 00:00 0 
7f4fea70f000-7f4fea80c000 rw-p 00000000 00:00 0 
7f4fea80c000-7f4fea822000 r-xp 00000000 08:06 9047574                    /usr/lib/jvm/java-9-oracle/lib/libnet.so
7f4fea822000-7f4feaa22000 ---p 00016000 08:06 9047574                    /usr/lib/jvm/java-9-oracle/lib/libnet.so
7f4feaa22000-7f4feaa23000 rw-p 00016000 08:06 9047574                    /usr/lib/jvm/java-9-oracle/lib/libnet.so
7f4feaa23000-7f4feaa33000 r-xp 00000000 08:06 9047571                    /usr/lib/jvm/java-9-oracle/lib/libnio.so
7f4feaa33000-7f4feac33000 ---p 00010000 08:06 9047571                    /usr/lib/jvm/java-9-oracle/lib/libnio.so
7f4feac33000-7f4feac34000 rw-p 00010000 08:06 9047571                    /usr/lib/jvm/java-9-oracle/lib/libnio.so
7f4feac34000-7f4feac38000 ---p 00000000 00:00 0 
7f4feac38000-7f4fead35000 rw-p 00000000 00:00 0 
7f4fead35000-7f4fead39000 ---p 00000000 00:00 0 
7f4fead39000-7f4feae36000 rw-p 00000000 00:00 0 
7f4feae36000-7f4feb800000 r--p 00000000 08:06 8133297                    /usr/lib/locale/locale-archive
7f4feb800000-7f4febdc0000 rw-p 00000000 00:00 0 
7f4febdc0000-7f4fec000000 ---p 00000000 00:00 0 
7f4fec000000-7f4fec021000 rw-p 00000000 00:00 0 
7f4fec021000-7f4ff0000000 ---p 00000000 00:00 0 
7f4ff0037000-7f4ff003b000 ---p 00000000 00:00 0 
7f4ff003b000-7f4ff0138000 rw-p 00000000 00:00 0 
7f4ff0138000-7f4ff2138000 rwxp 00000000 00:00 0 
7f4ff2138000-7f4ff2328000 rw-p 00000000 00:00 0 
7f4ff2328000-7f4ff4000000 ---p 00000000 00:00 0 
7f4ff4000000-7f4ff4021000 rw-p 00000000 00:00 0 
7f4ff4021000-7f4ff8000000 ---p 00000000 00:00 0 
7f4ff8000000-7f4ff8021000 rw-p 00000000 00:00 0 
7f4ff8021000-7f4ffc000000 ---p 00000000 00:00 0 
7f4ffc000000-7f4ffc021000 rw-p 00000000 00:00 0 
7f4ffc021000-7f5000000000 ---p 00000000 00:00 0 
7f5000000000-7f5000021000 rw-p 00000000 00:00 0 
7f5000021000-7f5004000000 ---p 00000000 00:00 0 
7f5004000000-7f5004021000 rw-p 00000000 00:00 0 
7f5004021000-7f5008000000 ---p 00000000 00:00 0 
7f5008000000-7f5008021000 rw-p 00000000 00:00 0 
7f5008021000-7f500c000000 ---p 00000000 00:00 0 
7f500c0c2000-7f500c0f3000 rw-p 00000000 00:00 0 
7f500c0f3000-7f500c0f7000 ---p 00000000 00:00 0 
7f500c0f7000-7f500c1f4000 rw-p 00000000 00:00 0 
7f500c1f4000-7f500c1f8000 ---p 00000000 00:00 0 
7f500c1f8000-7f500c2f5000 rw-p 00000000 00:00 0 
7f500c2f5000-7f500c2f9000 ---p 00000000 00:00 0 
7f500c2f9000-7f500c3f6000 rw-p 00000000 00:00 0 
7f500c3f6000-7f500c3fa000 ---p 00000000 00:00 0 
7f500c3fa000-7f500c4f7000 rw-p 00000000 00:00 0 
7f500c4f7000-7f500c4f8000 ---p 00000000 00:00 0 
7f500c4f8000-7f500cacd000 rw-p 00000000 00:00 0 
7f500cacd000-7f500cace000 ---p 00000000 00:00 0 
7f500cace000-7f500cbce000 rw-p 00000000 00:00 0 
7f500cbce000-7f500cbcf000 ---p 00000000 00:00 0 
7f500cbcf000-7f500cebf000 rw-p 00000000 00:00 0 
7f500cebf000-7f500eb97000 ---p 00000000 00:00 0 
7f500eb97000-7f500ebd5000 rw-p 00000000 00:00 0 
7f500ebd5000-7f500ef70000 ---p 00000000 00:00 0 
7f500ef70000-7f500efae000 rw-p 00000000 00:00 0 
7f500efae000-7f500f722000 ---p 00000000 00:00 0 
7f500f722000-7f500f760000 rw-p 00000000 00:00 0 
7f500f760000-7f500fafb000 ---p 00000000 00:00 0 
7f500fafb000-7f500fafc000 ---p 00000000 00:00 0 
7f500fafc000-7f500fbfc000 rw-p 00000000 00:00 0 
7f500fbfc000-7f500fbfd000 ---p 00000000 00:00 0 
7f500fbfd000-7f500fcfd000 rw-p 00000000 00:00 0 
7f500fcfd000-7f500fcfe000 ---p 00000000 00:00 0 
7f500fcfe000-7f500fdfe000 rw-p 00000000 00:00 0 
7f500fdfe000-7f500fdff000 ---p 00000000 00:00 0 
7f500fdff000-7f500feff000 rw-p 00000000 00:00 0 
7f500feff000-7f500ff00000 ---p 00000000 00:00 0 
7f500ff00000-7f5010000000 rw-p 00000000 00:00 0 
7f5010000000-7f5010021000 rw-p 00000000 00:00 0 
7f5010021000-7f5014000000 ---p 00000000 00:00 0 
7f5014000000-7f5014021000 rw-p 00000000 00:00 0 
7f5014021000-7f5018000000 ---p 00000000 00:00 0 
7f5018000000-7f5018021000 rw-p 00000000 00:00 0 
7f5018021000-7f501c000000 ---p 00000000 00:00 0 
7f501c022000-7f501c44e000 rw-p 00000000 00:00 0 
7f501c44e000-7f501c44f000 ---p 00000000 00:00 0 
7f501c44f000-7f501c54f000 rw-p 00000000 00:00 0 
7f501c54f000-7f501c550000 ---p 00000000 00:00 0 
7f501c550000-7f501c650000 rw-p 00000000 00:00 0 
7f501c650000-7f501c651000 ---p 00000000 00:00 0 
7f501c651000-7f501c751000 rw-p 00000000 00:00 0 
7f501c751000-7f501c752000 ---p 00000000 00:00 0 
7f501c752000-7f501c852000 rw-p 00000000 00:00 0 
7f501c852000-7f501cac2000 rwxp 00000000 00:00 0 
7f501cac2000-7f501cde2000 ---p 00000000 00:00 0 
7f501cde2000-7f501d052000 rwxp 00000000 00:00 0 
7f501d052000-7f502431a000 ---p 00000000 00:00 0 
7f502431a000-7f502458a000 rwxp 00000000 00:00 0 
7f502458a000-7f502b852000 ---p 00000000 00:00 0 
7f502b852000-7f5036d15000 r--s 00000000 08:06 9047512                    /usr/lib/jvm/java-9-oracle/lib/modules
7f5036d15000-7f5036d2f000 r-xp 00000000 08:06 9047576                    /usr/lib/jvm/java-9-oracle/lib/libjimage.so
7f5036d2f000-7f5036f2e000 ---p 0001a000 08:06 9047576                    /usr/lib/jvm/java-9-oracle/lib/libjimage.so
7f5036f2e000-7f5036f30000 rw-p 00019000 08:06 9047576                    /usr/lib/jvm/java-9-oracle/lib/libjimage.so
7f5036f30000-7f5036f42000 rw-p 00000000 00:00 0 
7f5036f42000-7f5036f49000 r-xp 00000000 08:06 9047617                    /usr/lib/jvm/java-9-oracle/lib/libzip.so
7f5036f49000-7f5037148000 ---p 00007000 08:06 9047617                    /usr/lib/jvm/java-9-oracle/lib/libzip.so
7f5037148000-7f5037149000 rw-p 00006000 08:06 9047617                    /usr/lib/jvm/java-9-oracle/lib/libzip.so
7f5037149000-7f5037154000 r-xp 00000000 08:06 8655371                    /lib/x86_64-linux-gnu/libnss_files-2.26.so
7f5037154000-7f5037353000 ---p 0000b000 08:06 8655371                    /lib/x86_64-linux-gnu/libnss_files-2.26.so
7f5037353000-7f5037354000 r--p 0000a000 08:06 8655371                    /lib/x86_64-linux-gnu/libnss_files-2.26.so
7f5037354000-7f5037355000 rw-p 0000b000 08:06 8655371                    /lib/x86_64-linux-gnu/libnss_files-2.26.so
7f5037355000-7f503735b000 rw-p 00000000 00:00 0 
7f503735b000-7f5037366000 r-xp 00000000 08:06 8655382                    /lib/x86_64-linux-gnu/libnss_nis-2.26.so
7f5037366000-7f5037565000 ---p 0000b000 08:06 8655382                    /lib/x86_64-linux-gnu/libnss_nis-2.26.so
7f5037565000-7f5037566000 r--p 0000a000 08:06 8655382                    /lib/x86_64-linux-gnu/libnss_nis-2.26.so
7f5037566000-7f5037567000 rw-p 0000b000 08:06 8655382                    /lib/x86_64-linux-gnu/libnss_nis-2.26.so
7f5037567000-7f503757e000 r-xp 00000000 08:06 8655365                    /lib/x86_64-linux-gnu/libnsl-2.26.so
7f503757e000-7f503777d000 ---p 00017000 08:06 8655365                    /lib/x86_64-linux-gnu/libnsl-2.26.so
7f503777d000-7f503777e000 r--p 00016000 08:06 8655365                    /lib/x86_64-linux-gnu/libnsl-2.26.so
7f503777e000-7f503777f000 rw-p 00017000 08:06 8655365                    /lib/x86_64-linux-gnu/libnsl-2.26.so
7f503777f000-7f5037781000 rw-p 00000000 00:00 0 
7f5037781000-7f5037789000 r-xp 00000000 08:06 8655367                    /lib/x86_64-linux-gnu/libnss_compat-2.26.so
7f5037789000-7f5037988000 ---p 00008000 08:06 8655367                    /lib/x86_64-linux-gnu/libnss_compat-2.26.so
7f5037988000-7f5037989000 r--p 00007000 08:06 8655367                    /lib/x86_64-linux-gnu/libnss_compat-2.26.so
7f5037989000-7f503798a000 rw-p 00008000 08:06 8655367                    /lib/x86_64-linux-gnu/libnss_compat-2.26.so
7f503798a000-7f50379c5000 r-xp 00000000 08:06 9047593                    /usr/lib/jvm/java-9-oracle/lib/libjdwp.so
7f50379c5000-7f5037bc4000 ---p 0003b000 08:06 9047593                    /usr/lib/jvm/java-9-oracle/lib/libjdwp.so
7f5037bc4000-7f5037bc5000 rw-p 0003a000 08:06 9047593                    /usr/lib/jvm/java-9-oracle/lib/libjdwp.so
7f5037bc5000-7f5037bc6000 rw-p 00000000 00:00 0 
7f5037bc6000-7f5037bf1000 r-xp 00000000 08:06 9047523                    /usr/lib/jvm/java-9-oracle/lib/libjava.so
7f5037bf1000-7f5037df0000 ---p 0002b000 08:06 9047523                    /usr/lib/jvm/java-9-oracle/lib/libjava.so
7f5037df0000-7f5037df2000 rw-p 0002a000 08:06 9047523                    /usr/lib/jvm/java-9-oracle/lib/libjava.so
7f5037df2000-7f5037dff000 r-xp 00000000 08:06 9047520                    /usr/lib/jvm/java-9-oracle/lib/libverify.so
7f5037dff000-7f5037ffe000 ---p 0000d000 08:06 9047520                    /usr/lib/jvm/java-9-oracle/lib/libverify.so
7f5037ffe000-7f5038000000 rw-p 0000c000 08:06 9047520                    /usr/lib/jvm/java-9-oracle/lib/libverify.so
7f5038000000-7f5038282000 rw-p 00000000 00:00 0 
7f5038282000-7f503c000000 ---p 00000000 00:00 0 
7f503c027000-7f503c02c000 rw-p 00000000 00:00 0 
7f503c02c000-7f503c112000 ---p 00000000 00:00 0 
7f503c112000-7f503c117000 rw-p 00000000 00:00 0 
7f503c117000-7f503c1fd000 ---p 00000000 00:00 0 
7f503c1fd000-7f503c204000 r-xp 00000000 08:06 8655425                    /lib/x86_64-linux-gnu/librt-2.26.so
7f503c204000-7f503c403000 ---p 00007000 08:06 8655425                    /lib/x86_64-linux-gnu/librt-2.26.so
7f503c403000-7f503c404000 r--p 00006000 08:06 8655425                    /lib/x86_64-linux-gnu/librt-2.26.so
7f503c404000-7f503c405000 rw-p 00007000 08:06 8655425                    /lib/x86_64-linux-gnu/librt-2.26.so
7f503c405000-7f503c55a000 r-xp 00000000 08:06 8655344                    /lib/x86_64-linux-gnu/libm-2.26.so
7f503c55a000-7f503c759000 ---p 00155000 08:06 8655344                    /lib/x86_64-linux-gnu/libm-2.26.so
7f503c759000-7f503c75a000 r--p 00154000 08:06 8655344                    /lib/x86_64-linux-gnu/libm-2.26.so
7f503c75a000-7f503c75b000 rw-p 00155000 08:06 8655344                    /lib/x86_64-linux-gnu/libm-2.26.so
7f503c75b000-7f503d76f000 r-xp 00000000 08:06 9440432                    /usr/lib/jvm/java-9-oracle/lib/server/libjvm.so
7f503d76f000-7f503d96f000 ---p 01014000 08:06 9440432                    /usr/lib/jvm/java-9-oracle/lib/server/libjvm.so
7f503d96f000-7f503da40000 r--p 01014000 08:06 9440432                    /usr/lib/jvm/java-9-oracle/lib/server/libjvm.so
7f503da40000-7f503da77000 rw-p 010e5000 08:06 9440432                    /usr/lib/jvm/java-9-oracle/lib/server/libjvm.so
7f503da77000-7f503dae0000 rw-p 00000000 00:00 0 
7f503dae0000-7f503dcb6000 r-xp 00000000 08:06 8655278                    /lib/x86_64-linux-gnu/libc-2.26.so
7f503dcb6000-7f503deb6000 ---p 001d6000 08:06 8655278                    /lib/x86_64-linux-gnu/libc-2.26.so
7f503deb6000-7f503deba000 r--p 001d6000 08:06 8655278                    /lib/x86_64-linux-gnu/libc-2.26.so
7f503deba000-7f503debc000 rw-p 001da000 08:06 8655278                    /lib/x86_64-linux-gnu/libc-2.26.so
7f503debc000-7f503dec0000 rw-p 00000000 00:00 0 
7f503dec0000-7f503dec3000 r-xp 00000000 08:06 8655302                    /lib/x86_64-linux-gnu/libdl-2.26.so
7f503dec3000-7f503e0c2000 ---p 00003000 08:06 8655302                    /lib/x86_64-linux-gnu/libdl-2.26.so
7f503e0c2000-7f503e0c3000 r--p 00002000 08:06 8655302                    /lib/x86_64-linux-gnu/libdl-2.26.so
7f503e0c3000-7f503e0c4000 rw-p 00003000 08:06 8655302                    /lib/x86_64-linux-gnu/libdl-2.26.so
7f503e0c4000-7f503e0d2000 r-xp 00000000 08:06 9177543                    /usr/lib/jvm/java-9-oracle/lib/jli/libjli.so
7f503e0d2000-7f503e2d2000 ---p 0000e000 08:06 9177543                    /usr/lib/jvm/java-9-oracle/lib/jli/libjli.so
7f503e2d2000-7f503e2d3000 rw-p 0000e000 08:06 9177543                    /usr/lib/jvm/java-9-oracle/lib/jli/libjli.so
7f503e2d3000-7f503e2ed000 r-xp 00000000 08:06 8655417                    /lib/x86_64-linux-gnu/libpthread-2.26.so
7f503e2ed000-7f503e4ec000 ---p 0001a000 08:06 8655417                    /lib/x86_64-linux-gnu/libpthread-2.26.so
7f503e4ec000-7f503e4ed000 r--p 00019000 08:06 8655417                    /lib/x86_64-linux-gnu/libpthread-2.26.so
7f503e4ed000-7f503e4ee000 rw-p 0001a000 08:06 8655417                    /lib/x86_64-linux-gnu/libpthread-2.26.so
7f503e4ee000-7f503e4f2000 rw-p 00000000 00:00 0 
7f503e4f2000-7f503e50e000 r-xp 00000000 08:06 8655457                    /lib/x86_64-linux-gnu/libz.so.1.2.11
7f503e50e000-7f503e70d000 ---p 0001c000 08:06 8655457                    /lib/x86_64-linux-gnu/libz.so.1.2.11
7f503e70d000-7f503e70e000 r--p 0001b000 08:06 8655457                    /lib/x86_64-linux-gnu/libz.so.1.2.11
7f503e70e000-7f503e70f000 rw-p 0001c000 08:06 8655457                    /lib/x86_64-linux-gnu/libz.so.1.2.11
7f503e70f000-7f503e736000 r-xp 00000000 08:06 8655250                    /lib/x86_64-linux-gnu/ld-2.26.so
7f503e751000-7f503e758000 r--s 00000000 08:06 8391749                    /usr/lib/x86_64-linux-gnu/gconv/gconv-modules.cache
7f503e758000-7f503e817000 rw-p 00000000 00:00 0 
7f503e817000-7f503e818000 ---p 00000000 00:00 0 
7f503e818000-7f503e81c000 ---p 00000000 00:00 0 
7f503e81c000-7f503e922000 rw-p 00000000 00:00 0 
7f503e922000-7f503e929000 ---p 00000000 00:00 0 
7f503e929000-7f503e931000 rw-s 00000000 08:06 14680239                   /tmp/hsperfdata_chends888/9029
7f503e931000-7f503e932000 rw-p 00000000 00:00 0 
7f503e932000-7f503e933000 ---p 00000000 00:00 0 
7f503e933000-7f503e936000 rw-p 00000000 00:00 0 
7f503e936000-7f503e937000 r--p 00027000 08:06 8655250                    /lib/x86_64-linux-gnu/ld-2.26.so
7f503e937000-7f503e938000 rw-p 00028000 08:06 8655250                    /lib/x86_64-linux-gnu/ld-2.26.so
7f503e938000-7f503e939000 rw-p 00000000 00:00 0 
7fff66853000-7fff66874000 rw-p 00000000 00:00 0                          [stack]
7fff669c7000-7fff669ca000 r--p 00000000 00:00 0                          [vvar]
7fff669ca000-7fff669cc000 r-xp 00000000 00:00 0                          [vdso]
ffffffffff600000-ffffffffff601000 r-xp 00000000 00:00 0                  [vsyscall]

VM Arguments:
jvm_args: -agentlib:jdwp=transport=dt_socket,address=127.0.0.1:42351,suspend=y,server=n -Dfile.encoding=UTF-8 
java_command: vmtranslator.VMTranslator ./exemplos/pushConstant.vm -o ./exemplos/pushConstant.nasm
java_class_path (initial): /home/chends888/Documents/z0/09-Maquina-Virtual-1/target/classes:/home/chends888/intelij/ideaIC-2017.2.5/idea-IC-172.4343.14/lib/idea_rt.jar
Launcher Type: SUN_STANDARD

Logging:
Log output configuration:
#0: stdout all=warning uptime,level,tags
#1: stderr all=off uptime,level,tags

Environment Variables:
JAVA_HOME=/usr/lib/jvm/java-9-oracle
PATH=/usr/local/sbin:/usr/local/bin:/usr/sbin:/usr/bin:/sbin:/bin:/usr/games:/usr/local/games:/snap/bin:/usr/lib/jvm/java-9-oracle/bin:/usr/lib/jvm/java-9-oracle/db/bin
USERNAME=chends888
LD_LIBRARY_PATH=/home/chends888/intelij/ideaIC-2017.2.5/idea-IC-172.4343.14/bin:
SHELL=/bin/bash
DISPLAY=:0

Signal Handlers:
SIGSEGV: [libjvm.so+0xd4ce90], sa_mask[0]=11111111011111111101111111111110, sa_flags=SA_RESTART|SA_SIGINFO
SIGBUS: [libjvm.so+0xd4ce90], sa_mask[0]=11111111011111111101111111111110, sa_flags=SA_RESTART|SA_SIGINFO
SIGFPE: [libjvm.so+0xd4ce90], sa_mask[0]=11111111011111111101111111111110, sa_flags=SA_RESTART|SA_SIGINFO
SIGPIPE: [libjvm.so+0xb64460], sa_mask[0]=11111111011111111101111111111110, sa_flags=SA_RESTART|SA_SIGINFO
SIGXFSZ: [libjvm.so+0xb64460], sa_mask[0]=11111111011111111101111111111110, sa_flags=SA_RESTART|SA_SIGINFO
SIGILL: [libjvm.so+0xd4ce90], sa_mask[0]=11111111011111111101111111111110, sa_flags=SA_RESTART|SA_SIGINFO
SIGUSR2: [libjvm.so+0xb64320], sa_mask[0]=00100000000000000000000000000000, sa_flags=SA_RESTART|SA_SIGINFO
SIGHUP: [libjvm.so+0xb64530], sa_mask[0]=11111111011111111101111111111110, sa_flags=SA_RESTART|SA_SIGINFO
SIGINT: [libjvm.so+0xb64530], sa_mask[0]=11111111011111111101111111111110, sa_flags=SA_RESTART|SA_SIGINFO
SIGTERM: [libjvm.so+0xb64530], sa_mask[0]=11111111011111111101111111111110, sa_flags=SA_RESTART|SA_SIGINFO
SIGQUIT: [libjvm.so+0xb64530], sa_mask[0]=11111111011111111101111111111110, sa_flags=SA_RESTART|SA_SIGINFO


---------------  S Y S T E M  ---------------

OS:DISTRIB_ID=Ubuntu
DISTRIB_RELEASE=17.10
DISTRIB_CODENAME=artful
DISTRIB_DESCRIPTION="Ubuntu 17.10"
uname:Linux 4.13.0-16-generic #19-Ubuntu SMP Wed Oct 11 18:35:14 UTC 2017 x86_64
libc:glibc 2.26 NPTL 2.26 
rlimit: STACK 8192k, CORE 0k, NPROC 31023, NOFILE 1048576, AS infinity
load average:1,73 2,14 1,81

/proc/meminfo:
MemTotal:        8064180 kB
MemFree:          286028 kB
MemAvailable:    1989672 kB
Buffers:          114024 kB
Cached:          2114060 kB
SwapCached:            0 kB
Active:          6021600 kB
Inactive:        1393664 kB
Active(anon):    5107732 kB
Inactive(anon):   447792 kB
Active(file):     913868 kB
Inactive(file):   945872 kB
Unevictable:          48 kB
Mlocked:              48 kB
SwapTotal:       2097148 kB
SwapFree:        2097148 kB
Dirty:              6040 kB
Writeback:             0 kB
AnonPages:       5187300 kB
Mapped:           530952 kB
Shmem:            449408 kB
Slab:             183332 kB
SReclaimable:     134584 kB
SUnreclaim:        48748 kB
KernelStack:       14064 kB
PageTables:        69476 kB
NFS_Unstable:          0 kB
Bounce:                0 kB
WritebackTmp:          0 kB
CommitLimit:     6129236 kB
Committed_AS:   10869676 kB
VmallocTotal:   34359738367 kB
VmallocUsed:           0 kB
VmallocChunk:          0 kB
HardwareCorrupted:     0 kB
AnonHugePages:         0 kB
ShmemHugePages:        0 kB
ShmemPmdMapped:        0 kB
CmaTotal:              0 kB
CmaFree:               0 kB
HugePages_Total:       0
HugePages_Free:        0
HugePages_Rsvd:        0
HugePages_Surp:        0
Hugepagesize:       2048 kB
DirectMap4k:      183744 kB
DirectMap2M:     8099840 kB
DirectMap1G:           0 kB


CPU:total 4 (initial active 4) (2 cores per cpu, 2 threads per core) family 6 model 69 stepping 1, cmov, cx8, fxsr, mmx, sse, sse2, sse3, ssse3, sse4.1, sse4.2, popcnt, avx, avx2, aes, clmul, erms, lzcnt, ht, tsc, tscinvbit, bmi1, bmi2, fma
CPU Model and flags from /proc/cpuinfo:
model name	: Intel(R) Core(TM) i7-4510U CPU @ 2.00GHz
flags		: fpu vme de pse tsc msr pae mce cx8 apic sep mtrr pge mca cmov pat pse36 clflush dts acpi mmx fxsr sse sse2 ss ht tm pbe syscall nx pdpe1gb rdtscp lm constant_tsc arch_perfmon pebs bts rep_good nopl xtopology nonstop_tsc cpuid aperfmperf pni pclmulqdq dtes64 monitor ds_cpl vmx est tm2 ssse3 sdbg fma cx16 xtpr pdcm pcid sse4_1 sse4_2 movbe popcnt tsc_deadline_timer aes xsave avx f16c rdrand lahf_lm abm cpuid_fault epb tpr_shadow vnmi flexpriority ept vpid fsgsbase tsc_adjust bmi1 avx2 smep bmi2 erms invpcid xsaveopt dtherm ida arat pln pts

Memory: 4k page, physical 8064180k(286028k free), swap 2097148k(2097148k free)

vm_info: Java HotSpot(TM) 64-Bit Server VM (9.0.1+11) for linux-amd64 JRE (9.0.1+11), built on Sep 27 2017 20:48:27 by "mach5one" with gcc 4.9.2

END.
