Assembler report for 03-Logica-Combinacional
<<<<<<< HEAD
Fri Sep 01 10:11:23 2017
Quartus Prime Version 16.1.0 Build 196 10/24/2016 SJ Lite Edition
=======
Wed Aug 23 14:55:57 2017
Quartus Prime Version 17.0.0 Build 595 04/25/2017 SJ Lite Edition
>>>>>>> 5240d4fca957e9c4e157624f502801139e60bd9a


---------------------
; Table of Contents ;
---------------------
  1. Legal Notice
  2. Assembler Summary
  3. Assembler Settings
  4. Assembler Generated Files
<<<<<<< HEAD
  5. Assembler Device Options: C:/Users/chend/Documents/GitHub/Z0/03-Logica-Combinacional/Quartus/output_files/03-Logica-Combinacional.sof
=======
  5. Assembler Device Options: 03-Logica-Combinacional.sof
>>>>>>> 5240d4fca957e9c4e157624f502801139e60bd9a
  6. Assembler Messages



----------------
; Legal Notice ;
----------------
<<<<<<< HEAD
Copyright (C) 2016  Intel Corporation. All rights reserved.
=======
Copyright (C) 2017  Intel Corporation. All rights reserved.
>>>>>>> 5240d4fca957e9c4e157624f502801139e60bd9a
Your use of Intel Corporation's design tools, logic functions 
and other software and tools, and its AMPP partner logic 
functions, and any output files from any of the foregoing 
(including device programming or simulation files), and any 
associated documentation or information are expressly subject 
to the terms and conditions of the Intel Program License 
Subscription Agreement, the Intel Quartus Prime License Agreement,
the Intel MegaCore Function License Agreement, or other 
applicable license agreement, including, without limitation, 
that your use is for the sole purpose of programming logic 
devices manufactured by Intel and sold by Intel or its 
authorized distributors.  Please refer to the applicable 
agreement for further details.



+---------------------------------------------------------------+
; Assembler Summary                                             ;
+-----------------------+---------------------------------------+
<<<<<<< HEAD
; Assembler Status      ; Successful - Fri Sep 01 10:11:23 2017 ;
=======
; Assembler Status      ; Successful - Wed Aug 23 14:55:57 2017 ;
>>>>>>> 5240d4fca957e9c4e157624f502801139e60bd9a
; Revision Name         ; 03-Logica-Combinacional               ;
; Top-level Entity Name ; topLevel03                            ;
; Family                ; Cyclone V                             ;
; Device                ; 5CEBA4F23C7                           ;
+-----------------------+---------------------------------------+


+----------------------------------+
; Assembler Settings               ;
+--------+---------+---------------+
; Option ; Setting ; Default Value ;
+--------+---------+---------------+


<<<<<<< HEAD
+-------------------------------------------------------------------------------------------------------------+
; Assembler Generated Files                                                                                   ;
+-------------------------------------------------------------------------------------------------------------+
; File Name                                                                                                   ;
+-------------------------------------------------------------------------------------------------------------+
; C:/Users/chend/Documents/GitHub/Z0/03-Logica-Combinacional/Quartus/output_files/03-Logica-Combinacional.sof ;
+-------------------------------------------------------------------------------------------------------------+


+---------------------------------------------------------------------------------------------------------------------------------------+
; Assembler Device Options: C:/Users/chend/Documents/GitHub/Z0/03-Logica-Combinacional/Quartus/output_files/03-Logica-Combinacional.sof ;
+----------------+----------------------------------------------------------------------------------------------------------------------+
; Option         ; Setting                                                                                                              ;
+----------------+----------------------------------------------------------------------------------------------------------------------+
; Device         ; 5CEBA4F23C7                                                                                                          ;
; JTAG usercode  ; 0x004DE842                                                                                                           ;
; Checksum       ; 0x004DE842                                                                                                           ;
+----------------+----------------------------------------------------------------------------------------------------------------------+
=======
+--------------------------------------------------------------------------------------------------------------------------------------+
; Assembler Generated Files                                                                                                            ;
+--------------------------------------------------------------------------------------------------------------------------------------+
; File Name                                                                                                                            ;
+--------------------------------------------------------------------------------------------------------------------------------------+
; /home/corsi/Dropbox/Insper/3s-ElementoDeSistemas/4-Projetos/03-Logica-Combinacional/Quartus/output_files/03-Logica-Combinacional.sof ;
+--------------------------------------------------------------------------------------------------------------------------------------+


+-------------------------------------------------------+
; Assembler Device Options: 03-Logica-Combinacional.sof ;
+----------------+--------------------------------------+
; Option         ; Setting                              ;
+----------------+--------------------------------------+
; JTAG usercode  ; 0x004E06A2                           ;
; Checksum       ; 0x004E06A2                           ;
+----------------+--------------------------------------+
>>>>>>> 5240d4fca957e9c4e157624f502801139e60bd9a


+--------------------+
; Assembler Messages ;
+--------------------+
Info: *******************************************************************
Info: Running Quartus Prime Assembler
<<<<<<< HEAD
    Info: Version 16.1.0 Build 196 10/24/2016 SJ Lite Edition
    Info: Processing started: Fri Sep 01 10:11:17 2017
Info: Command: quartus_asm --read_settings_files=off --write_settings_files=off 03-Logica-Combinacional -c 03-Logica-Combinacional
Info (115030): Assembler is generating device programming files
Info: Quartus Prime Assembler was successful. 0 errors, 0 warnings
    Info: Peak virtual memory: 698 megabytes
    Info: Processing ended: Fri Sep 01 10:11:23 2017
    Info: Elapsed time: 00:00:06
    Info: Total CPU time (on all processors): 00:00:05
=======
    Info: Version 17.0.0 Build 595 04/25/2017 SJ Lite Edition
    Info: Processing started: Wed Aug 23 14:55:53 2017
Info: Command: quartus_asm --read_settings_files=off --write_settings_files=off 03-Logica-Combinacional -c 03-Logica-Combinacional
Info (115030): Assembler is generating device programming files
Info: Quartus Prime Assembler was successful. 0 errors, 0 warnings
    Info: Peak virtual memory: 945 megabytes
    Info: Processing ended: Wed Aug 23 14:55:57 2017
    Info: Elapsed time: 00:00:04
    Info: Total CPU time (on all processors): 00:00:03
>>>>>>> 5240d4fca957e9c4e157624f502801139e60bd9a


