EDA Netlist Writer report for 03-Logica-Combinacional
<<<<<<< HEAD
Fri Sep 01 10:11:38 2017
Quartus Prime Version 16.1.0 Build 196 10/24/2016 SJ Lite Edition
=======
Wed Aug 23 14:56:04 2017
Quartus Prime Version 17.0.0 Build 595 04/25/2017 SJ Lite Edition
>>>>>>> 5240d4fca957e9c4e157624f502801139e60bd9a


---------------------
; Table of Contents ;
---------------------
  1. Legal Notice
  2. EDA Netlist Writer Summary
  3. Simulation Settings
  4. Simulation Generated Files
  5. EDA Netlist Writer Messages



----------------
; Legal Notice ;
----------------
<<<<<<< HEAD
Copyright (C) 2016  Intel Corporation. All rights reserved.
=======
Copyright (C) 2017  Intel Corporation. All rights reserved.
>>>>>>> 5240d4fca957e9c4e157624f502801139e60bd9a
Your use of Intel Corporation's design tools, logic functions 
and other software and tools, and its AMPP partner logic 
functions, and any output files from any of the foregoing 
(including device programming or simulation files), and any 
associated documentation or information are expressly subject 
to the terms and conditions of the Intel Program License 
Subscription Agreement, the Intel Quartus Prime License Agreement,
the Intel MegaCore Function License Agreement, or other 
applicable license agreement, including, without limitation, 
that your use is for the sole purpose of programming logic 
devices manufactured by Intel and sold by Intel or its 
authorized distributors.  Please refer to the applicable 
agreement for further details.



+-------------------------------------------------------------------+
; EDA Netlist Writer Summary                                        ;
+---------------------------+---------------------------------------+
<<<<<<< HEAD
; EDA Netlist Writer Status ; Successful - Fri Sep 01 10:11:38 2017 ;
=======
; EDA Netlist Writer Status ; Successful - Wed Aug 23 14:56:04 2017 ;
>>>>>>> 5240d4fca957e9c4e157624f502801139e60bd9a
; Revision Name             ; 03-Logica-Combinacional               ;
; Top-level Entity Name     ; topLevel03                            ;
; Family                    ; Cyclone V                             ;
; Simulation Files Creation ; Successful                            ;
+---------------------------+---------------------------------------+


+-------------------------------------------------------------------------------------------------------------------------------+
; Simulation Settings                                                                                                           ;
+---------------------------------------------------------------------------------------------------+---------------------------+
; Option                                                                                            ; Setting                   ;
+---------------------------------------------------------------------------------------------------+---------------------------+
; Tool Name                                                                                         ; ModelSim-Altera (Verilog) ;
; Generate functional simulation netlist                                                            ; Off                       ;
; Time scale                                                                                        ; 1 ps                      ;
; Truncate long hierarchy paths                                                                     ; Off                       ;
; Map illegal HDL characters                                                                        ; Off                       ;
; Flatten buses into individual nodes                                                               ; Off                       ;
; Maintain hierarchy                                                                                ; Off                       ;
; Bring out device-wide set/reset signals as ports                                                  ; Off                       ;
; Enable glitch filtering                                                                           ; Off                       ;
; Do not write top level VHDL entity                                                                ; Off                       ;
; Disable detection of setup and hold time violations in the input registers of bi-directional pins ; Off                       ;
; Architecture name in VHDL output netlist                                                          ; structure                 ;
; Generate third-party EDA tool command script for RTL functional simulation                        ; Off                       ;
; Generate third-party EDA tool command script for gate-level simulation                            ; Off                       ;
+---------------------------------------------------------------------------------------------------+---------------------------+


<<<<<<< HEAD
+-------------------------------------------------------------------------------------------------------------------+
; Simulation Generated Files                                                                                        ;
+-------------------------------------------------------------------------------------------------------------------+
; Generated Files                                                                                                   ;
+-------------------------------------------------------------------------------------------------------------------+
; C:/Users/chend/Documents/GitHub/Z0/03-Logica-Combinacional/Quartus/simulation/modelsim/03-Logica-Combinacional.vo ;
+-------------------------------------------------------------------------------------------------------------------+
=======
+--------------------------------------------------------------------------------------------------------------------------------------------+
; Simulation Generated Files                                                                                                                 ;
+--------------------------------------------------------------------------------------------------------------------------------------------+
; Generated Files                                                                                                                            ;
+--------------------------------------------------------------------------------------------------------------------------------------------+
; /home/corsi/Dropbox/Insper/3s-ElementoDeSistemas/4-Projetos/03-Logica-Combinacional/Quartus/simulation/modelsim/03-Logica-Combinacional.vo ;
+--------------------------------------------------------------------------------------------------------------------------------------------+
>>>>>>> 5240d4fca957e9c4e157624f502801139e60bd9a


+-----------------------------+
; EDA Netlist Writer Messages ;
+-----------------------------+
Info: *******************************************************************
Info: Running Quartus Prime EDA Netlist Writer
<<<<<<< HEAD
    Info: Version 16.1.0 Build 196 10/24/2016 SJ Lite Edition
    Info: Processing started: Fri Sep 01 10:11:37 2017
Info: Command: quartus_eda --read_settings_files=off --write_settings_files=off 03-Logica-Combinacional -c 03-Logica-Combinacional
Warning (10905): Generated the EDA functional simulation netlist because it is the only supported netlist type for this device.
Info (204019): Generated file 03-Logica-Combinacional.vo in folder "C:/Users/chend/Documents/GitHub/Z0/03-Logica-Combinacional/Quartus/simulation/modelsim/" for EDA simulation tool
Info: Quartus Prime EDA Netlist Writer was successful. 0 errors, 1 warning
    Info: Peak virtual memory: 611 megabytes
    Info: Processing ended: Fri Sep 01 10:11:38 2017
    Info: Elapsed time: 00:00:01
    Info: Total CPU time (on all processors): 00:00:02
=======
    Info: Version 17.0.0 Build 595 04/25/2017 SJ Lite Edition
    Info: Processing started: Wed Aug 23 14:56:03 2017
Info: Command: quartus_eda --read_settings_files=off --write_settings_files=off 03-Logica-Combinacional -c 03-Logica-Combinacional
Warning (10905): Generated the EDA functional simulation netlist because it is the only supported netlist type for this device.
Info (204019): Generated file 03-Logica-Combinacional.vo in folder "/home/corsi/Dropbox/Insper/3s-ElementoDeSistemas/4-Projetos/03-Logica-Combinacional/Quartus/simulation/modelsim/" for EDA simulation tool
Info: Quartus Prime EDA Netlist Writer was successful. 0 errors, 1 warning
    Info: Peak virtual memory: 1124 megabytes
    Info: Processing ended: Wed Aug 23 14:56:04 2017
    Info: Elapsed time: 00:00:01
    Info: Total CPU time (on all processors): 00:00:01
>>>>>>> 5240d4fca957e9c4e157624f502801139e60bd9a


